<?xml version="1.0" encoding="utf-8"?><testsuites name="pytest tests"><testsuite name="pytest" errors="0" failures="0" skipped="0" tests="71" time="69.711" timestamp="2026-05-13T16:58:21.724922+00:00" hostname="agent-env-a64f6939-0fc0-4978-8361-cb36ac2753c0"><testcase classname="backend.tests.test_sprint5_7.TestDogCareFields" name="test_create_dog_persists_care_fields" time="1.466" /><testcase classname="backend.tests.test_sprint5_7.TestDogCareFields" name="test_update_dog_modifies_care_fields" time="0.350" /><testcase classname="backend.tests.test_sprint5_7.TestBookingTimes" name="test_booking_persists_dropoff_pickup" time="0.371" /><testcase classname="backend.tests.test_sprint5_7.TestRunSheet" name="test_run_sheet_structure_and_sort" time="0.831" /><testcase classname="backend.tests.test_sprint5_7.TestRunSheet" name="test_run_sheet_filters_by_date" time="0.466" /><testcase classname="backend.tests.test_sprint5_7.TestHomework" name="test_create_requires_admin" time="0.828" /><testcase classname="backend.tests.test_sprint5_7.TestHomework" name="test_create_validates_title_length" time="0.110" /><testcase classname="backend.tests.test_sprint5_7.TestHomework" name="test_full_homework_flow" time="1.814" /><testcase classname="backend.tests.test_sprint5_7.TestHomework" name="test_client_cannot_delete" time="0.356" /><testcase classname="backend.tests.test_sprint5_7.TestDashboardRoster" name="test_roster_entries_include_dog_with_care_fields" time="0.849" /><testcase classname="backend.tests.test_sithappens.TestAuth" name="test_admin_login" time="0.348" /><testcase classname="backend.tests.test_sithappens.TestAuth" name="test_register" time="0.335" /><testcase classname="backend.tests.test_sithappens.TestAuth" name="test_me" time="0.100" /><testcase classname="backend.tests.test_sithappens.TestAuth" name="test_login_bad" time="0.327" /><testcase classname="backend.tests.test_sithappens.TestClients" name="test_list_clients" time="0.241" /><testcase classname="backend.tests.test_sithappens.TestClients" name="test_update_client" time="0.114" /><testcase classname="backend.tests.test_sithappens.TestClients" name="test_portal_account_created" time="0.668" /><testcase classname="backend.tests.test_sithappens.TestDogs" name="test_create_dog" time="0.108" /><testcase classname="backend.tests.test_sithappens.TestDogs" name="test_list_dogs" time="0.126" /><testcase classname="backend.tests.test_sithappens.TestDogs" name="test_add_training_log" time="0.125" /><testcase classname="backend.tests.test_sithappens.TestBookings" name="test_rabies_expired" time="0.290" /><testcase classname="backend.tests.test_sithappens.TestBookings" name="test_insufficient_credits" time="0.234" /><testcase classname="backend.tests.test_sithappens.TestBookings" name="test_client_create_and_admin_approve" time="0.744" /><testcase classname="backend.tests.test_sithappens.TestBookings" name="test_availability" time="0.121" /><testcase classname="backend.tests.test_sithappens.TestMisc" name="test_dashboard_stats" time="0.128" /><testcase classname="backend.tests.test_sithappens.TestMisc" name="test_events" time="0.119" /><testcase classname="backend.tests.test_sithappens.TestMisc" name="test_portal_me_client" time="0.113" /><testcase classname="backend.tests.test_sithappens.TestMisc" name="test_portal_me_admin_403" time="0.120" /><testcase classname="backend.tests.test_sithappens.TestMisc" name="test_client_cannot_list_clients" time="0.111" /><testcase classname="backend.tests.test_sithappens.TestMisc" name="test_client_cannot_dashboard" time="0.107" /><testcase classname="backend.tests.test_sprint2.TestCheckInOut" name="test_check_in_stamps_time" time="0.925" /><testcase classname="backend.tests.test_sprint2.TestCheckInOut" name="test_check_in_not_found" time="0.101" /><testcase classname="backend.tests.test_sprint2.TestCheckInOut" name="test_check_out_sets_completed" time="0.214" /><testcase classname="backend.tests.test_sprint2.TestReportCard" name="test_save_report_card" time="0.115" /><testcase classname="backend.tests.test_sprint2.TestReportCard" name="test_report_card_not_found" time="0.110" /><testcase classname="backend.tests.test_sprint2.TestReportCard" name="test_report_card_visible_in_portal" time="0.798" /><testcase classname="backend.tests.test_sprint2.TestDashboardRoster" name="test_today_roster_includes_completed" time="0.110" /><testcase classname="backend.tests.test_sprint2.TestVaccineAlerts" name="test_admin_only" time="0.119" /><testcase classname="backend.tests.test_sprint2.TestVaccineAlerts" name="test_alerts_returns_statuses" time="0.428" /><testcase classname="backend.tests.test_sprint2.TestVaccineAlerts" name="test_dismiss_suppresses_alert" time="0.660" /><testcase classname="backend.tests.test_sprint3.TestSettings" name="test_get_settings_admin" time="0.451" /><testcase classname="backend.tests.test_sprint3.TestSettings" name="test_get_settings_requires_admin" time="0.943" /><testcase classname="backend.tests.test_sprint3.TestSettings" name="test_put_settings_partial_persists" time="0.466" /><testcase classname="backend.tests.test_sprint3.TestSettings" name="test_put_mood_tags_and_required_vaccines" time="0.496" /><testcase classname="backend.tests.test_sprint3.TestSettings" name="test_public_settings_for_client" time="0.108" /><testcase classname="backend.tests.test_sprint3.TestChangePassword" name="test_change_password_flow" time="2.231" /><testcase classname="backend.tests.test_sprint3.TestVaccineRules" name="test_booking_rejected_when_required_vaccine_missing" time="11.722" /><testcase classname="backend.tests.test_sprint3.TestAutoApproveAndCutoff" name="test_auto_approve_for_clients" time="0.738" /><testcase classname="backend.tests.test_sprint3.TestAutoApproveAndCutoff" name="test_cancellation_cutoff_for_client" time="0.785" /><testcase classname="backend.tests.test_sprint3.TestRecurringBookings" name="test_create_recurring_admin" time="0.952" /><testcase classname="backend.tests.test_sprint3.TestRecurringBookings" name="test_recurring_validation" time="0.239" /><testcase classname="backend.tests.test_sprint3.TestReschedule" name="test_admin_reschedule" time="0.460" /><testcase classname="backend.tests.test_sprint3.TestReschedule" name="test_reschedule_404" time="0.107" /><testcase classname="backend.tests.test_sprint3.TestReschedule" name="test_reschedule_requires_admin" time="0.348" /><testcase classname="backend.tests.test_sprint3.TestTrainingServiceType" name="test_create_training_booking" time="0.204" /><testcase classname="backend.tests.test_sprint3.TestTrainingServiceType" name="test_recurring_training" time="0.331" /><testcase classname="backend.tests.test_sprint3.TestTrainingServiceType" name="test_dashboard_training_today" time="0.356" /><testcase classname="backend.tests.test_sprint3.TestCapacityFromSettings" name="test_daycare_capacity_enforced" time="1.049" /><testcase classname="backend.tests.test_sprint4.TestWaiverSettings" name="test_public_settings_exposes_waiver_fields" time="0.473" /><testcase classname="backend.tests.test_sprint4.TestWaiverFlow" name="test_me_unsigned_returns_signed_false_with_version" time="1.064" /><testcase classname="backend.tests.test_sprint4.TestWaiverFlow" name="test_sign_requires_accepted_true" time="0.111" /><testcase classname="backend.tests.test_sprint4.TestWaiverFlow" name="test_sign_requires_typed_name_min_length" time="0.102" /><testcase classname="backend.tests.test_sprint4.TestWaiverFlow" name="test_sign_succeeds_and_persists" time="0.457" /><testcase classname="backend.tests.test_sprint4.TestWaiverFlow" name="test_clients_waiver_unsigned_returns_signed_false" time="0.332" /><testcase classname="backend.tests.test_sprint4.TestWaiverGating" name="test_unsigned_client_blocked_from_booking" time="1.702" /><testcase classname="backend.tests.test_sprint4.TestWaiverGating" name="test_version_bump_forces_resign" time="2.255" /><testcase classname="backend.tests.test_sprint4.TestIncidents" name="test_incident_crud_and_filter" time="1.556" /><testcase classname="backend.tests.test_sprint4.TestAdminBookingOverrides" name="test_override_vaccines_allows_missing_vaccines" time="0.778" /><testcase classname="backend.tests.test_sprint4.TestAdminBookingOverrides" name="test_override_capacity_allows_beyond_capacity" time="1.418" /><testcase classname="backend.tests.test_sprint4.TestAdminBookingOverrides" name="test_check_in_now_stamps_timestamp" time="0.431" /><testcase classname="backend.tests.test_sprint4.TestAdminBookingOverrides" name="test_client_override_flags_are_ignored" time="21.381" /></testsuite></testsuites>