<?xml version="1.0" encoding="utf-8"?><testsuites name="pytest tests"><testsuite name="pytest" errors="0" failures="0" skipped="0" tests="25" time="9.640" timestamp="2026-05-15T12:13:27.099636+00:00" hostname="agent-env-a64f6939-0fc0-4978-8361-cb36ac2753c0"><testcase classname="tests.test_sithappens.TestAuth" name="test_admin_login" time="0.959" /><testcase classname="tests.test_sithappens.TestAuth" name="test_register" time="0.569" /><testcase classname="tests.test_sithappens.TestAuth" name="test_me" time="0.097" /><testcase classname="tests.test_sithappens.TestAuth" name="test_login_bad" time="0.320" /><testcase classname="tests.test_sithappens.TestClients" name="test_list_clients" time="0.224" /><testcase classname="tests.test_sithappens.TestClients" name="test_update_client" time="0.103" /><testcase classname="tests.test_sithappens.TestClients" name="test_portal_account_created" time="0.649" /><testcase classname="tests.test_sithappens.TestDogs" name="test_create_dog" time="0.101" /><testcase classname="tests.test_sithappens.TestDogs" name="test_list_dogs" time="0.125" /><testcase classname="tests.test_sithappens.TestDogs" name="test_add_training_log" time="0.121" /><testcase classname="tests.test_sithappens.TestBookings" name="test_rabies_expired" time="0.212" /><testcase classname="tests.test_sithappens.TestBookings" name="test_insufficient_credits" time="0.678" /><testcase classname="tests.test_sithappens.TestBookings" name="test_client_create_and_admin_approve" time="1.213" /><testcase classname="tests.test_sithappens.TestBookings" name="test_availability" time="0.109" /><testcase classname="tests.test_sithappens.TestMisc" name="test_dashboard_stats" time="0.108" /><testcase classname="tests.test_sithappens.TestMisc" name="test_events" time="0.121" /><testcase classname="tests.test_sithappens.TestMisc" name="test_portal_me_client" time="0.104" /><testcase classname="tests.test_sithappens.TestMisc" name="test_portal_me_admin_403" time="0.110" /><testcase classname="tests.test_sithappens.TestMisc" name="test_client_cannot_list_clients" time="0.099" /><testcase classname="tests.test_sithappens.TestMisc" name="test_client_cannot_dashboard" time="0.095" /><testcase classname="tests.test_iter13_sprint17" name="test_register_sends_email_no_crash" time="0.539" /><testcase classname="tests.test_iter13_sprint17" name="test_enroll_buddy_auto_completes" time="2.047" /><testcase classname="tests.test_iter13_sprint17" name="test_bulk_sell_packs_returns_receipt" time="0.380" /><testcase classname="tests.test_iter13_sprint17" name="test_list_client_receipts_shape" time="0.101" /><testcase classname="tests.test_iter13_sprint17" name="test_zz_cleanup_alex" time="0.430" /></testsuite></testsuites>