<?xml version="1.0" encoding="utf-8"?><testsuites name="pytest tests"><testsuite name="pytest" errors="0" failures="0" skipped="0" tests="10" time="3.972" timestamp="2026-05-13T17:16:32.476941+00:00" hostname="agent-env-a64f6939-0fc0-4978-8361-cb36ac2753c0"><testcase classname="backend.tests.test_sprint6.TestSearch" name="test_search_requires_auth" time="1.037" /><testcase classname="backend.tests.test_sprint6.TestSearch" name="test_search_finds_dog_and_client" time="1.059" /><testcase classname="backend.tests.test_sprint6.TestSearch" name="test_search_empty_query_returns_empty" time="0.110" /><testcase classname="backend.tests.test_sprint6.TestBookingPatch" name="test_patch_updates_notes_kennel_times" time="0.325" /><testcase classname="backend.tests.test_sprint6.TestBookingPatch" name="test_patch_404_unknown" time="0.109" /><testcase classname="backend.tests.test_sprint6.TestBookingConflicts" name="test_conflict_present_for_existing_booking" time="0.183" /><testcase classname="backend.tests.test_sprint6.TestBookingConflicts" name="test_no_conflict_for_far_future" time="0.141" /><testcase classname="backend.tests.test_sprint6.TestDogStats" name="test_stats_structure_and_daycare_increment" time="0.120" /><testcase classname="backend.tests.test_sprint6.TestDogStats" name="test_stats_404_unknown_dog" time="0.106" /><testcase classname="backend.tests.test_sprint6.TestUpcomingBirthdays" name="test_birthday_within_14_days_appears" time="0.742" /></testsuite></testsuites>