<?xml version="1.0" encoding="utf-8"?><testsuites name="pytest tests"><testsuite name="pytest" errors="0" failures="0" skipped="0" tests="19" time="6.538" timestamp="2026-05-14T10:08:19.637468+00:00" hostname="agent-env-a64f6939-0fc0-4978-8361-cb36ac2753c0"><testcase classname="backend.tests.test_training_curriculum.TestTrainingMeta" name="test_meta_categories_and_scale" time="1.000" /><testcase classname="backend.tests.test_training_curriculum.TestTrainingMeta" name="test_meta_requires_auth" time="0.194" /><testcase classname="backend.tests.test_training_curriculum.TestCommandLibrary" name="test_get_commands_autoseeds_36" time="0.125" /><testcase classname="backend.tests.test_training_curriculum.TestCommandLibrary" name="test_seed_known_commands_present" time="0.100" /><testcase classname="backend.tests.test_training_curriculum.TestCommandLibrary" name="test_client_can_list_commands" time="0.464" /><testcase classname="backend.tests.test_training_curriculum.TestCommandLibrary" name="test_admin_create_update_delete" time="0.588" /><testcase classname="backend.tests.test_training_curriculum.TestCommandLibrary" name="test_client_cannot_create_command" time="0.125" /><testcase classname="backend.tests.test_training_curriculum.TestCommandLibrary" name="test_client_cannot_update_or_delete" time="0.462" /><testcase classname="backend.tests.test_training_curriculum.TestDogCurriculum" name="test_get_training_returns_36_items" time="0.274" /><testcase classname="backend.tests.test_training_curriculum.TestDogCurriculum" name="test_get_training_initial_level_zero" time="0.101" /><testcase classname="backend.tests.test_training_curriculum.TestDogCurriculum" name="test_client_can_see_own_dog_training" time="0.152" /><testcase classname="backend.tests.test_training_curriculum.TestDogCurriculum" name="test_client_cannot_update_curriculum" time="0.211" /><testcase classname="backend.tests.test_training_curriculum.TestDogCurriculum" name="test_admin_put_curriculum_persists" time="0.354" /><testcase classname="backend.tests.test_training_curriculum.TestTrainingSessions" name="test_admin_log_session_highest_wins" time="0.360" /><testcase classname="backend.tests.test_training_curriculum.TestTrainingSessions" name="test_list_sessions" time="0.110" /><testcase classname="backend.tests.test_training_curriculum.TestTrainingSessions" name="test_client_cannot_log_session" time="0.131" /><testcase classname="backend.tests.test_training_curriculum.TestTrainingSessions" name="test_client_can_list_own_dog_sessions" time="0.157" /><testcase classname="backend.tests.test_training_curriculum.TestTrainingSessions" name="test_cgc_mock_pass_sets_field" time="0.266" /><testcase classname="backend.tests.test_training_curriculum.TestBadgeLogic" name="test_bronze_emerges_when_basics_50pct" time="1.312" /></testsuite></testsuites>