<?xml version="1.0" encoding="utf-8"?><testsuites name="pytest tests"><testsuite name="pytest" errors="0" failures="1" skipped="0" tests="22" time="5.518" timestamp="2026-05-14T11:26:03.073316+00:00" hostname="agent-env-a64f6939-0fc0-4978-8361-cb36ac2753c0"><testcase classname="backend.tests.test_pipeline_multi_enroll.TestMeta" name="test_meta_has_four_program_types" time="1.045" /><testcase classname="backend.tests.test_pipeline_multi_enroll.TestSeed" name="test_seed_standard_idempotent" time="0.207" /><testcase classname="backend.tests.test_pipeline_multi_enroll.TestList" name="test_list_returns_seeded" time="0.117" /><testcase classname="backend.tests.test_pipeline_multi_enroll.TestProgramCRUDWithManualOnly" name="test_create_program_with_manual_only_goal" time="0.102" /><testcase classname="backend.tests.test_pipeline_multi_enroll.TestProgramCRUDWithManualOnly" name="test_update_program" time="0.126" /><testcase classname="backend.tests.test_pipeline_multi_enroll.TestProgramCRUDWithManualOnly" name="test_delete_program" time="0.220" /><testcase classname="backend.tests.test_pipeline_multi_enroll.TestMultiEnrollment" name="test_enroll_first_program" time="0.349" /><testcase classname="backend.tests.test_pipeline_multi_enroll.TestMultiEnrollment" name="test_enroll_second_program_keeps_first_active" time="0.319" /><testcase classname="backend.tests.test_pipeline_multi_enroll.TestMultiEnrollment" name="test_update_target_completion_date" time="0.135" /><testcase classname="backend.tests.test_pipeline_multi_enroll.TestMultiEnrollment" name="test_update_status_on_hold" time="0.108" /><testcase classname="backend.tests.test_pipeline_multi_enroll.TestMultiEnrollment" name="test_goal_manual_only_status_mastered" time="0.108" /><testcase classname="backend.tests.test_pipeline_multi_enroll.TestMultiEnrollment" name="test_goal_scored_autobump" time="0.104" /><testcase classname="backend.tests.test_pipeline_multi_enroll.TestPipeline" name="test_pipeline_returns_list" time="0.111" /><testcase classname="backend.tests.test_pipeline_multi_enroll.TestPipeline" name="test_pipeline_filter_by_status_active" time="0.140" /><testcase classname="backend.tests.test_pipeline_multi_enroll.TestPipeline" name="test_pipeline_filter_by_type" time="0.136" /><testcase classname="backend.tests.test_pipeline_multi_enroll.TestPipeline" name="test_pipeline_search" time="0.105" /><testcase classname="backend.tests.test_pipeline_multi_enroll.TestPipeline" name="test_pipeline_forbidden_for_client" time="0.440" /><testcase classname="backend.tests.test_pipeline_multi_enroll.TestActiveSummary" name="test_active_summary_has_counts" time="0.150" /><testcase classname="backend.tests.test_pipeline_multi_enroll.TestTags" name="test_update_dog_tags" time="0.305" /><testcase classname="backend.tests.test_pipeline_multi_enroll.TestTags" name="test_tag_persists_on_dog" time="0.111"><failure message="AssertionError: BUG: DogOut Pydantic model is missing `tags` field — PUT /api/dogs/{id}/tags persists to DB but GET /api/dogs strips it. Fix: add `tags: List[str] = []` to DogIn (line ~184) or DogOut.&#10;assert 'TEST_friendly' in ((None or []))&#10; +  where None = &lt;built-in method get of dict object at 0xfadd894db380&gt;('tags')&#10; +    where &lt;built-in method get of dict object at 0xfadd894db380&gt; = {'age_m': 6, 'age_y': 2, 'birthday': '2024-08-22', 'breed': 'Goldendoodle', ...}.get">E   AssertionError: BUG: DogOut Pydantic model is missing `tags` field — PUT /api/dogs/{id}/tags persists to DB but GET /api/dogs strips it. Fix: add `tags: List[str] = []` to DogIn (line ~184) or DogOut.
    assert 'TEST_friendly' in ((None or []))
     +  where None = &lt;built-in method get of dict object at 0xfadd894db380&gt;('tags')
     +    where &lt;built-in method get of dict object at 0xfadd894db380&gt; = {'age_m': 6, 'age_y': 2, 'birthday': '2024-08-22', 'breed': 'Goldendoodle', ...}.get</failure></testcase><testcase classname="backend.tests.test_pipeline_multi_enroll.TestTags" name="test_remove_tags" time="0.133" /><testcase classname="backend.tests.test_pipeline_multi_enroll.TestCleanup" name="test_cleanup" time="0.893" /></testsuite></testsuites>