<?xml version="1.0" encoding="utf-8"?><testsuites name="pytest tests"><testsuite name="pytest" errors="0" failures="0" skipped="1" tests="25" time="6.466" timestamp="2026-05-15T09:53:15.591448+00:00" hostname="agent-env-a64f6939-0fc0-4978-8361-cb36ac2753c0"><testcase classname="backend.tests.test_sprint16_income.TestServicesSeed" name="test_seed_standard_first_run_creates_or_idempotent" time="1.070" /><testcase classname="backend.tests.test_sprint16_income.TestServicesSeed" name="test_seed_standard_second_run_idempotent" time="0.112" /><testcase classname="backend.tests.test_sprint16_income.TestServicesSeed" name="test_list_services_sorted_by_name" time="0.098" /><testcase classname="backend.tests.test_sprint16_income.TestServicesCRUD" name="test_create_custom_service" time="0.100" /><testcase classname="backend.tests.test_sprint16_income.TestServicesCRUD" name="test_update_service" time="0.238" /><testcase classname="backend.tests.test_sprint16_income.TestServicesCRUD" name="test_delete_custom_service_hard_deletes" time="0.223" /><testcase classname="backend.tests.test_sprint16_income.TestServicesCRUD" name="test_delete_default_service_soft_deletes" time="0.507" /><testcase classname="backend.tests.test_sprint16_income.TestTransactionsCreate" name="test_log_service_uses_service_base_price_when_actual_null" time="0.303" /><testcase classname="backend.tests.test_sprint16_income.TestTransactionsCreate" name="test_log_service_honors_explicit_actual_price" time="0.222" /><testcase classname="backend.tests.test_sprint16_income.TestTransactionsUpdate" name="test_inline_price_edit_persists" time="0.208" /><testcase classname="backend.tests.test_sprint16_income.TestTransactionsUpdate" name="test_mark_paid_autoflips_to_completed_and_stamps_paid_at" time="0.200" /><testcase classname="backend.tests.test_sprint16_income.TestTransactionsUpdate" name="test_change_service_updates_name_and_syncs_price_only_if_zero" time="0.709" /><testcase classname="backend.tests.test_sprint16_income.TestTransactionsList" name="test_list_excludes_cancelled" time="0.504" /><testcase classname="backend.tests.test_sprint16_income.TestTransactionsList" name="test_filter_by_dog_and_service" time="0.244" /><testcase classname="backend.tests.test_sprint16_income.TestWeeklySummary" name="test_current_week_bounds_mon_to_sun" time="0.096" /><testcase classname="backend.tests.test_sprint16_income.TestWeeklySummary" name="test_ref_date_jumps_weeks" time="0.100" /><testcase classname="backend.tests.test_sprint16_income.TestWeeklySummary" name="test_ref_date_invalid_400" time="0.110" /><testcase classname="backend.tests.test_sprint16_income.TestSummaryRange" name="test_summary_range_with_by_day" time="0.122" /><testcase classname="backend.tests.test_sprint16_income.TestCheckOutAutoTally" name="test_checkout_auto_attaches_default_service_price" time="0.107"><skipped type="pytest.skip" message="POST /bookings not available or rejected: 400 {&quot;detail&quot;:&quot;Rabies vaccine missing or expired&quot;}">/app/backend/tests/test_sprint16_income.py:314: POST /bookings not available or rejected: 400 {"detail":"Rabies vaccine missing or expired"}</skipped></testcase><testcase classname="backend.tests.test_sprint16_income.TestClientForbidden" name="test_client_cannot_seed_services" time="0.440" /><testcase classname="backend.tests.test_sprint16_income.TestClientForbidden" name="test_client_cannot_crud_services" time="0.106" /><testcase classname="backend.tests.test_sprint16_income.TestClientForbidden" name="test_client_cannot_log_transaction" time="0.101" /><testcase classname="backend.tests.test_sprint16_income.TestClientForbidden" name="test_client_cannot_list_transactions" time="0.097" /><testcase classname="backend.tests.test_sprint16_income.TestClientForbidden" name="test_client_cannot_weekly_summary" time="0.099" /><testcase classname="backend.tests.test_sprint16_income.TestZCleanup" name="test_delete_seed_test_transactions" time="0.288" /></testsuite></testsuites>