<?xml version="1.0" encoding="utf-8"?><testsuites name="pytest tests"><testsuite name="pytest" errors="0" failures="0" skipped="0" tests="20" time="6.526" timestamp="2026-05-15T12:38:15.091708+00:00" hostname="agent-env-a64f6939-0fc0-4978-8361-cb36ac2753c0"><testcase classname="tests.test_sithappens.TestAuth" name="test_admin_login" time="1.029" /><testcase classname="tests.test_sithappens.TestAuth" name="test_register" time="0.547" /><testcase classname="tests.test_sithappens.TestAuth" name="test_me" time="0.108" /><testcase classname="tests.test_sithappens.TestAuth" name="test_login_bad" time="0.324" /><testcase classname="tests.test_sithappens.TestClients" name="test_list_clients" time="0.223" /><testcase classname="tests.test_sithappens.TestClients" name="test_update_client" time="0.111" /><testcase classname="tests.test_sithappens.TestClients" name="test_portal_account_created" time="0.648" /><testcase classname="tests.test_sithappens.TestDogs" name="test_create_dog" time="0.122" /><testcase classname="tests.test_sithappens.TestDogs" name="test_list_dogs" time="0.134" /><testcase classname="tests.test_sithappens.TestDogs" name="test_add_training_log" time="0.111" /><testcase classname="tests.test_sithappens.TestBookings" name="test_rabies_expired" time="0.231" /><testcase classname="tests.test_sithappens.TestBookings" name="test_insufficient_credits" time="0.641" /><testcase classname="tests.test_sithappens.TestBookings" name="test_client_create_and_admin_approve" time="1.182" /><testcase classname="tests.test_sithappens.TestBookings" name="test_availability" time="0.110" /><testcase classname="tests.test_sithappens.TestMisc" name="test_dashboard_stats" time="0.100" /><testcase classname="tests.test_sithappens.TestMisc" name="test_events" time="0.108" /><testcase classname="tests.test_sithappens.TestMisc" name="test_portal_me_client" time="0.098" /><testcase classname="tests.test_sithappens.TestMisc" name="test_portal_me_admin_403" time="0.114" /><testcase classname="tests.test_sithappens.TestMisc" name="test_client_cannot_list_clients" time="0.125" /><testcase classname="tests.test_sithappens.TestMisc" name="test_client_cannot_dashboard" time="0.439" /></testsuite></testsuites>