<?xml version="1.0" encoding="utf-8"?><testsuites name="pytest tests"><testsuite name="pytest" errors="0" failures="0" skipped="0" tests="100" time="76.853" timestamp="2026-05-14T10:42:53.236271+00:00" hostname="agent-env-a64f6939-0fc0-4978-8361-cb36ac2753c0"><testcase classname="backend.tests.test_sithappens.TestAuth" name="test_admin_login" time="0.899" /><testcase classname="backend.tests.test_sithappens.TestAuth" name="test_register" time="0.338" /><testcase classname="backend.tests.test_sithappens.TestAuth" name="test_me" time="0.102" /><testcase classname="backend.tests.test_sithappens.TestAuth" name="test_login_bad" time="0.329" /><testcase classname="backend.tests.test_sithappens.TestClients" name="test_list_clients" time="0.221" /><testcase classname="backend.tests.test_sithappens.TestClients" name="test_update_client" time="0.101" /><testcase classname="backend.tests.test_sithappens.TestClients" name="test_portal_account_created" time="0.661" /><testcase classname="backend.tests.test_sithappens.TestDogs" name="test_create_dog" time="0.108" /><testcase classname="backend.tests.test_sithappens.TestDogs" name="test_list_dogs" time="0.101" /><testcase classname="backend.tests.test_sithappens.TestDogs" name="test_add_training_log" time="0.105" /><testcase classname="backend.tests.test_sithappens.TestBookings" name="test_rabies_expired" time="0.209" /><testcase classname="backend.tests.test_sithappens.TestBookings" name="test_insufficient_credits" time="0.711" /><testcase classname="backend.tests.test_sithappens.TestBookings" name="test_client_create_and_admin_approve" time="1.369" /><testcase classname="backend.tests.test_sithappens.TestBookings" name="test_availability" time="0.113" /><testcase classname="backend.tests.test_sithappens.TestMisc" name="test_dashboard_stats" time="0.108" /><testcase classname="backend.tests.test_sithappens.TestMisc" name="test_events" time="0.101" /><testcase classname="backend.tests.test_sithappens.TestMisc" name="test_portal_me_client" time="0.107" /><testcase classname="backend.tests.test_sithappens.TestMisc" name="test_portal_me_admin_403" time="0.119" /><testcase classname="backend.tests.test_sithappens.TestMisc" name="test_client_cannot_list_clients" time="0.109" /><testcase classname="backend.tests.test_sithappens.TestMisc" name="test_client_cannot_dashboard" time="0.107" /><testcase classname="backend.tests.test_sprint2.TestCheckInOut" name="test_check_in_stamps_time" time="0.876" /><testcase classname="backend.tests.test_sprint2.TestCheckInOut" name="test_check_in_not_found" time="0.105" /><testcase classname="backend.tests.test_sprint2.TestCheckInOut" name="test_check_out_sets_completed" time="0.207" /><testcase classname="backend.tests.test_sprint2.TestReportCard" name="test_save_report_card" time="0.114" /><testcase classname="backend.tests.test_sprint2.TestReportCard" name="test_report_card_not_found" time="0.103" /><testcase classname="backend.tests.test_sprint2.TestReportCard" name="test_report_card_visible_in_portal" time="0.769" /><testcase classname="backend.tests.test_sprint2.TestDashboardRoster" name="test_today_roster_includes_completed" time="0.098" /><testcase classname="backend.tests.test_sprint2.TestVaccineAlerts" name="test_admin_only" time="0.103" /><testcase classname="backend.tests.test_sprint2.TestVaccineAlerts" name="test_alerts_returns_statuses" time="0.431" /><testcase classname="backend.tests.test_sprint2.TestVaccineAlerts" name="test_dismiss_suppresses_alert" time="0.531" /><testcase classname="backend.tests.test_sprint3.TestSettings" name="test_get_settings_admin" time="0.425" /><testcase classname="backend.tests.test_sprint3.TestSettings" name="test_get_settings_requires_admin" time="0.890" /><testcase classname="backend.tests.test_sprint3.TestSettings" name="test_put_settings_partial_persists" time="0.432" /><testcase classname="backend.tests.test_sprint3.TestSettings" name="test_put_mood_tags_and_required_vaccines" time="0.418" /><testcase classname="backend.tests.test_sprint3.TestSettings" name="test_public_settings_for_client" time="0.104" /><testcase classname="backend.tests.test_sprint3.TestChangePassword" name="test_change_password_flow" time="2.181" /><testcase classname="backend.tests.test_sprint3.TestVaccineRules" name="test_booking_rejected_when_required_vaccine_missing" time="0.455" /><testcase classname="backend.tests.test_sprint3.TestAutoApproveAndCutoff" name="test_auto_approve_for_clients" time="0.843" /><testcase classname="backend.tests.test_sprint3.TestAutoApproveAndCutoff" name="test_cancellation_cutoff_for_client" time="0.685" /><testcase classname="backend.tests.test_sprint3.TestRecurringBookings" name="test_create_recurring_admin" time="0.850" /><testcase classname="backend.tests.test_sprint3.TestRecurringBookings" name="test_recurring_validation" time="0.209" /><testcase classname="backend.tests.test_sprint3.TestReschedule" name="test_admin_reschedule" time="0.448" /><testcase classname="backend.tests.test_sprint3.TestReschedule" name="test_reschedule_404" time="0.101" /><testcase classname="backend.tests.test_sprint3.TestReschedule" name="test_reschedule_requires_admin" time="0.321" /><testcase classname="backend.tests.test_sprint3.TestTrainingServiceType" name="test_create_training_booking" time="0.200" /><testcase classname="backend.tests.test_sprint3.TestTrainingServiceType" name="test_recurring_training" time="0.422" /><testcase classname="backend.tests.test_sprint3.TestTrainingServiceType" name="test_dashboard_training_today" time="0.301" /><testcase classname="backend.tests.test_sprint3.TestCapacityFromSettings" name="test_daycare_capacity_enforced" time="0.950" /><testcase classname="backend.tests.test_sprint4.TestWaiverSettings" name="test_public_settings_exposes_waiver_fields" time="0.415" /><testcase classname="backend.tests.test_sprint4.TestWaiverFlow" name="test_me_unsigned_returns_signed_false_with_version" time="0.986" /><testcase classname="backend.tests.test_sprint4.TestWaiverFlow" name="test_sign_requires_accepted_true" time="0.101" /><testcase classname="backend.tests.test_sprint4.TestWaiverFlow" name="test_sign_requires_typed_name_min_length" time="0.095" /><testcase classname="backend.tests.test_sprint4.TestWaiverFlow" name="test_sign_succeeds_and_persists" time="20.064" /><testcase classname="backend.tests.test_sprint4.TestWaiverFlow" name="test_clients_waiver_unsigned_returns_signed_false" time="0.323" /><testcase classname="backend.tests.test_sprint4.TestWaiverGating" name="test_unsigned_client_blocked_from_booking" time="14.233" /><testcase classname="backend.tests.test_sprint4.TestWaiverGating" name="test_version_bump_forces_resign" time="1.983" /><testcase classname="backend.tests.test_sprint4.TestIncidents" name="test_incident_crud_and_filter" time="1.493" /><testcase classname="backend.tests.test_sprint4.TestAdminBookingOverrides" name="test_override_vaccines_allows_missing_vaccines" time="0.734" /><testcase classname="backend.tests.test_sprint4.TestAdminBookingOverrides" name="test_override_capacity_allows_beyond_capacity" time="1.277" /><testcase classname="backend.tests.test_sprint4.TestAdminBookingOverrides" name="test_check_in_now_stamps_timestamp" time="0.408" /><testcase classname="backend.tests.test_sprint4.TestAdminBookingOverrides" name="test_client_override_flags_are_ignored" time="1.360" /><testcase classname="backend.tests.test_sprint5_7.TestDogCareFields" name="test_create_dog_persists_care_fields" time="0.713" /><testcase classname="backend.tests.test_sprint5_7.TestDogCareFields" name="test_update_dog_modifies_care_fields" time="0.201" /><testcase classname="backend.tests.test_sprint5_7.TestBookingTimes" name="test_booking_persists_dropoff_pickup" time="0.343" /><testcase classname="backend.tests.test_sprint5_7.TestRunSheet" name="test_run_sheet_structure_and_sort" time="0.745" /><testcase classname="backend.tests.test_sprint5_7.TestRunSheet" name="test_run_sheet_filters_by_date" time="0.426" /><testcase classname="backend.tests.test_sprint5_7.TestHomework" name="test_create_requires_admin" time="0.809" /><testcase classname="backend.tests.test_sprint5_7.TestHomework" name="test_create_validates_title_length" time="0.116" /><testcase classname="backend.tests.test_sprint5_7.TestHomework" name="test_full_homework_flow" time="1.711" /><testcase classname="backend.tests.test_sprint5_7.TestHomework" name="test_client_cannot_delete" time="0.310" /><testcase classname="backend.tests.test_sprint5_7.TestDashboardRoster" name="test_roster_entries_include_dog_with_care_fields" time="0.774" /><testcase classname="backend.tests.test_sprint6.TestSearch" name="test_search_requires_auth" time="0.126" /><testcase classname="backend.tests.test_sprint6.TestSearch" name="test_search_finds_dog_and_client" time="0.855" /><testcase classname="backend.tests.test_sprint6.TestSearch" name="test_search_empty_query_returns_empty" time="0.104" /><testcase classname="backend.tests.test_sprint6.TestBookingPatch" name="test_patch_updates_notes_kennel_times" time="0.211" /><testcase classname="backend.tests.test_sprint6.TestBookingPatch" name="test_patch_404_unknown" time="0.102" /><testcase classname="backend.tests.test_sprint6.TestBookingConflicts" name="test_conflict_present_for_existing_booking" time="0.103" /><testcase classname="backend.tests.test_sprint6.TestBookingConflicts" name="test_no_conflict_for_far_future" time="0.101" /><testcase classname="backend.tests.test_sprint6.TestDogStats" name="test_stats_structure_and_daycare_increment" time="0.101" /><testcase classname="backend.tests.test_sprint6.TestDogStats" name="test_stats_404_unknown_dog" time="0.105" /><testcase classname="backend.tests.test_sprint6.TestUpcomingBirthdays" name="test_birthday_within_14_days_appears" time="0.469" /><testcase classname="backend.tests.test_training_curriculum.TestTrainingMeta" name="test_meta_categories_and_scale" time="0.417" /><testcase classname="backend.tests.test_training_curriculum.TestTrainingMeta" name="test_meta_requires_auth" time="0.100" /><testcase classname="backend.tests.test_training_curriculum.TestCommandLibrary" name="test_get_commands_autoseeds_36" time="0.107" /><testcase classname="backend.tests.test_training_curriculum.TestCommandLibrary" name="test_seed_known_commands_present" time="0.096" /><testcase classname="backend.tests.test_training_curriculum.TestCommandLibrary" name="test_client_can_list_commands" time="0.414" /><testcase classname="backend.tests.test_training_curriculum.TestCommandLibrary" name="test_admin_create_update_delete" time="0.505" /><testcase classname="backend.tests.test_training_curriculum.TestCommandLibrary" name="test_client_cannot_create_command" time="0.099" /><testcase classname="backend.tests.test_training_curriculum.TestCommandLibrary" name="test_client_cannot_update_or_delete" time="0.414" /><testcase classname="backend.tests.test_training_curriculum.TestDogCurriculum" name="test_get_training_returns_36_items" time="0.218" /><testcase classname="backend.tests.test_training_curriculum.TestDogCurriculum" name="test_get_training_initial_level_zero" time="0.102" /><testcase classname="backend.tests.test_training_curriculum.TestDogCurriculum" name="test_client_can_see_own_dog_training" time="0.094" /><testcase classname="backend.tests.test_training_curriculum.TestDogCurriculum" name="test_client_cannot_update_curriculum" time="0.228" /><testcase classname="backend.tests.test_training_curriculum.TestDogCurriculum" name="test_admin_put_curriculum_persists" time="0.334" /><testcase classname="backend.tests.test_training_curriculum.TestTrainingSessions" name="test_admin_log_session_highest_wins" time="0.338" /><testcase classname="backend.tests.test_training_curriculum.TestTrainingSessions" name="test_list_sessions" time="0.111" /><testcase classname="backend.tests.test_training_curriculum.TestTrainingSessions" name="test_client_cannot_log_session" time="0.101" /><testcase classname="backend.tests.test_training_curriculum.TestTrainingSessions" name="test_client_can_list_own_dog_sessions" time="0.108" /><testcase classname="backend.tests.test_training_curriculum.TestTrainingSessions" name="test_cgc_mock_pass_sets_field" time="0.211" /><testcase classname="backend.tests.test_training_curriculum.TestBadgeLogic" name="test_bronze_emerges_when_basics_50pct" time="1.262" /></testsuite></testsuites>