<?xml version="1.0" encoding="utf-8"?><testsuites name="pytest tests"><testsuite name="pytest" errors="0" failures="0" skipped="0" tests="19" time="41.206" timestamp="2026-05-17T10:39:41.951763+00:00" hostname="agent-env-a64f6939-0fc0-4978-8361-cb36ac2753c0"><testcase classname="backend.tests.test_iter15_referral_and_vax_review.TestRegisterReferral" name="test_register_with_valid_ref_code_persists" time="2.175" /><testcase classname="backend.tests.test_iter15_referral_and_vax_review.TestRegisterReferral" name="test_register_invalid_ref_code_stored_as_null" time="0.615" /><testcase classname="backend.tests.test_iter15_referral_and_vax_review.TestRegisterReferral" name="test_register_duplicate_email_returns_400" time="0.099" /><testcase classname="backend.tests.test_iter15_referral_and_vax_review.TestReferralCheckoutCredit" name="test_booking_alone_does_NOT_credit_referrer" time="1.465" /><testcase classname="backend.tests.test_iter15_referral_and_vax_review.TestReferralCheckoutCredit" name="test_first_checkout_credits_and_second_is_idempotent" time="1.949" /><testcase classname="backend.tests.test_iter15_referral_and_vax_review.TestReferralCheckoutCredit" name="test_self_referral_does_not_credit" time="1.829" /><testcase classname="backend.tests.test_iter15_referral_and_vax_review.TestVaccineCertReview" name="test_list_unreviewed_only_by_default" time="0.216" /><testcase classname="backend.tests.test_iter15_referral_and_vax_review.TestVaccineCertReview" name="test_list_include_reviewed_returns_both" time="0.101" /><testcase classname="backend.tests.test_iter15_referral_and_vax_review.TestVaccineCertReview" name="test_approve_marks_reviewed_and_keeps_expiry" time="0.413" /><testcase classname="backend.tests.test_iter15_referral_and_vax_review.TestVaccineCertReview" name="test_review_invalid_vaccine_400" time="0.114" /><testcase classname="backend.tests.test_iter15_referral_and_vax_review.TestVaccineCertReview" name="test_review_missing_cert_404" time="0.206" /><testcase classname="backend.tests.test_iter15_referral_and_vax_review.TestVaccineCertReview" name="test_reject_clears_cert_and_expiry" time="0.295" /><testcase classname="backend.tests.test_iter15_referral_and_vax_review.TestVaccineCertReview" name="test_admin_endpoints_require_admin_auth" time="30.415" /><testcase classname="backend.tests.test_iter15_referral_and_vax_review.TestVaccineCertReview" name="test_reject_blocks_future_bookings_for_that_vaccine" time="0.611" /><testcase classname="backend.tests.test_iter15_referral_and_vax_review.TestRegression" name="test_dashboard_stats_ok" time="0.106" /><testcase classname="backend.tests.test_iter15_referral_and_vax_review.TestRegression" name="test_clients_ok" time="0.112" /><testcase classname="backend.tests.test_iter15_referral_and_vax_review.TestRegression" name="test_services_ok" time="0.096" /><testcase classname="backend.tests.test_iter15_referral_and_vax_review.TestRegression" name="test_portal_me_ok" time="0.096" /><testcase classname="backend.tests.test_iter15_referral_and_vax_review.TestRegression" name="test_waiver_sign_ok" time="0.238" /></testsuite></testsuites>