<?xml version="1.0" encoding="utf-8"?><testsuites name="pytest tests"><testsuite name="pytest" errors="0" failures="0" skipped="0" tests="11" time="8.039" timestamp="2026-05-17T15:32:52.734569+00:00" hostname="agent-env-a64f6939-0fc0-4978-8361-cb36ac2753c0"><testcase classname="backend.tests.test_iter17_sprints_37_39.TestPhotoGalleryUrl" name="test_round_trip_via_put_client_and_portal_me" time="3.674" /><testcase classname="backend.tests.test_iter17_sprints_37_39.TestPhotographyService" name="test_photography_service_listed" time="0.247" /><testcase classname="backend.tests.test_iter17_sprints_37_39.TestPhotographyService" name="test_photography_booking_does_not_consume_credits" time="0.528" /><testcase classname="backend.tests.test_iter17_sprints_37_39.TestBoardingExtension" name="test_extension_no_credits_extends_end_date_and_bills_actual_price" time="0.722" /><testcase classname="backend.tests.test_iter17_sprints_37_39.TestProgramsCatalog" name="test_clients_see_programs_with_price" time="0.102" /><testcase classname="backend.tests.test_iter17_sprints_37_39.TestProgramsCatalog" name="test_admin_can_update_program_price" time="0.455" /><testcase classname="backend.tests.test_iter17_sprints_37_39.TestQuoteRequests" name="test_client_quote_for_service_creates_row_and_emails" time="1.029" /><testcase classname="backend.tests.test_iter17_sprints_37_39.TestQuoteRequests" name="test_client_quote_for_program_creates_row" time="0.693" /><testcase classname="backend.tests.test_iter17_sprints_37_39.TestQuoteRequests" name="test_invalid_item_returns_404" time="0.112" /><testcase classname="backend.tests.test_iter17_sprints_37_39.TestQuoteRequests" name="test_admin_cannot_post_quote_request" time="0.107" /><testcase classname="backend.tests.test_iter17_sprints_37_39.TestQuoteRequests" name="test_client_cannot_list_or_close" time="0.322" /></testsuite></testsuites>