<?xml version="1.0" encoding="utf-8"?><testsuites name="pytest tests"><testsuite name="pytest" errors="0" failures="1" skipped="1" tests="183" time="142.397" timestamp="2026-05-15T12:42:58.217136+00:00" hostname="agent-env-a64f6939-0fc0-4978-8361-cb36ac2753c0"><testcase classname="tests.test_homework_templates.TestTemplateLibrary" name="test_seed_is_idempotent" time="1.105" /><testcase classname="tests.test_homework_templates.TestTemplateLibrary" name="test_list_returns_10_sorted_by_tier" time="0.106" /><testcase classname="tests.test_homework_templates.TestTemplateLibrary" name="test_client_can_list_templates" time="0.437" /><testcase classname="tests.test_homework_templates.TestTemplateCRUD" name="test_admin_create_custom_template" time="0.221" /><testcase classname="tests.test_homework_templates.TestTemplateCRUD" name="test_client_cannot_create_template" time="0.103" /><testcase classname="tests.test_homework_templates.TestTemplateCRUD" name="test_update_custom_template" time="0.208" /><testcase classname="tests.test_homework_templates.TestTemplateCRUD" name="test_update_system_template_marks_customized" time="0.416" /><testcase classname="tests.test_homework_templates.TestTemplateCRUD" name="test_delete_custom_hard_deletes" time="0.202" /><testcase classname="tests.test_homework_templates.TestTemplateCRUD" name="test_delete_system_soft_deletes_then_reseed_restores" time="0.577" /><testcase classname="tests.test_homework_templates.TestAssignFromTemplate" name="test_admin_assigns_template_to_dog" time="0.627" /><testcase classname="tests.test_homework_templates.TestAssignFromTemplate" name="test_client_cannot_call_from_template" time="0.207" /><testcase classname="tests.test_homework_templates.TestSectionLoggingAndReport" name="test_log_section_validates_section_id" time="0.106" /><testcase classname="tests.test_homework_templates.TestSectionLoggingAndReport" name="test_client_logs_multiple_sessions_trend_up" time="1.657" /><testcase classname="tests.test_homework_templates.TestSectionLoggingAndReport" name="test_report_aggregations" time="0.115" /><testcase classname="tests.test_homework_templates.TestSectionLoggingAndReport" name="test_report_trend_down" time="2.194" /><testcase classname="tests.test_homework_templates.TestSectionLoggingAndReport" name="test_delete_section_log" time="0.311" /><testcase classname="tests.test_homework_templates.TestHomeworkRegression" name="test_plain_create_and_complete" time="0.758" /><testcase classname="tests.test_homework_templates.TestZCleanup" name="test_cleanup_assigned_homework" time="0.201" /><testcase classname="tests.test_iter13_sprint17" name="test_register_sends_email_no_crash" time="0.502" /><testcase classname="tests.test_iter13_sprint17" name="test_enroll_buddy_auto_completes" time="3.097" /><testcase classname="tests.test_iter13_sprint17" name="test_bulk_sell_packs_returns_receipt" time="0.376" /><testcase classname="tests.test_iter13_sprint17" name="test_list_client_receipts_shape" time="0.108" /><testcase classname="tests.test_iter13_sprint17" name="test_zz_cleanup_alex" time="0.110" /><testcase classname="tests.test_iter14_perf.TestBookingsWindow" name="test_default_window_is_rolling_180_days" time="0.448" /><testcase classname="tests.test_iter14_perf.TestBookingsWindow" name="test_include_all_returns_more_or_equal" time="0.238" /><testcase classname="tests.test_iter14_perf.TestBookingsWindow" name="test_custom_date_range" time="0.110" /><testcase classname="tests.test_iter14_perf.TestBookingsWindow" name="test_client_scope_filter" time="0.567" /><testcase classname="tests.test_iter14_perf.TestDogsList" name="test_list_dogs_no_photos_gallery" time="0.132" /><testcase classname="tests.test_iter14_perf.TestDogsList" name="test_list_smaller_than_detail" time="4.315" /><testcase classname="tests.test_iter14_perf.TestDogDetail" name="test_buddy_detail_includes_photos_field" time="0.131" /><testcase classname="tests.test_iter14_perf.TestDogDetail" name="test_unknown_id_returns_404" time="0.104" /><testcase classname="tests.test_iter14_perf.TestDogDetail" name="test_client_cannot_access_other_clients_dog" time="0.110" /><testcase classname="tests.test_iter14_perf.TestDashboardStats" name="test_top_level_fields_present" time="0.104" /><testcase classname="tests.test_iter14_perf.TestDashboardStats" name="test_roster_dogs_have_heavy_fields_stripped" time="0.438" /><testcase classname="tests.test_iter14_perf.TestProgramsPipeline" name="test_pipeline_returns_joined_rows" time="0.107" /><testcase classname="tests.test_iter14_perf.TestIndexes" name="test_indexes_exist" time="0.080" /><testcase classname="tests.test_pipeline_multi_enroll.TestMeta" name="test_meta_has_four_program_types" time="0.429" /><testcase classname="tests.test_pipeline_multi_enroll.TestSeed" name="test_seed_standard_idempotent" time="0.220" /><testcase classname="tests.test_pipeline_multi_enroll.TestList" name="test_list_returns_seeded" time="0.103" /><testcase classname="tests.test_pipeline_multi_enroll.TestProgramCRUDWithManualOnly" name="test_create_program_with_manual_only_goal" time="0.102" /><testcase classname="tests.test_pipeline_multi_enroll.TestProgramCRUDWithManualOnly" name="test_update_program" time="0.103" /><testcase classname="tests.test_pipeline_multi_enroll.TestProgramCRUDWithManualOnly" name="test_delete_program" time="0.269" /><testcase classname="tests.test_pipeline_multi_enroll.TestMultiEnrollment" name="test_enroll_first_program" time="0.335" /><testcase classname="tests.test_pipeline_multi_enroll.TestMultiEnrollment" name="test_enroll_second_program_keeps_first_active" time="0.340" /><testcase classname="tests.test_pipeline_multi_enroll.TestMultiEnrollment" name="test_update_target_completion_date" time="0.129" /><testcase classname="tests.test_pipeline_multi_enroll.TestMultiEnrollment" name="test_update_status_on_hold" time="0.113" /><testcase classname="tests.test_pipeline_multi_enroll.TestMultiEnrollment" name="test_goal_manual_only_status_mastered" time="0.107" /><testcase classname="tests.test_pipeline_multi_enroll.TestMultiEnrollment" name="test_goal_scored_autobump" time="0.118" /><testcase classname="tests.test_pipeline_multi_enroll.TestPipeline" name="test_pipeline_returns_list" time="0.119" /><testcase classname="tests.test_pipeline_multi_enroll.TestPipeline" name="test_pipeline_filter_by_status_active" time="0.106" /><testcase classname="tests.test_pipeline_multi_enroll.TestPipeline" name="test_pipeline_filter_by_type" time="1.121" /><testcase classname="tests.test_pipeline_multi_enroll.TestPipeline" name="test_pipeline_search" time="0.111" /><testcase classname="tests.test_pipeline_multi_enroll.TestPipeline" name="test_pipeline_forbidden_for_client" time="0.487" /><testcase classname="tests.test_pipeline_multi_enroll.TestActiveSummary" name="test_active_summary_has_counts" time="0.121" /><testcase classname="tests.test_pipeline_multi_enroll.TestTags" name="test_update_dog_tags" time="0.197" /><testcase classname="tests.test_pipeline_multi_enroll.TestTags" name="test_tag_persists_on_dog" time="0.126" /><testcase classname="tests.test_pipeline_multi_enroll.TestTags" name="test_remove_tags" time="0.102" /><testcase classname="tests.test_pipeline_multi_enroll.TestCleanup" name="test_cleanup" time="3.087" /><testcase classname="tests.test_sithappens.TestAuth" name="test_admin_login" time="0.322" /><testcase classname="tests.test_sithappens.TestAuth" name="test_register" time="0.577" /><testcase classname="tests.test_sithappens.TestAuth" name="test_me" time="0.103" /><testcase classname="tests.test_sithappens.TestAuth" name="test_login_bad" time="0.339" /><testcase classname="tests.test_sithappens.TestClients" name="test_list_clients" time="0.257" /><testcase classname="tests.test_sithappens.TestClients" name="test_update_client" time="0.100" /><testcase classname="tests.test_sithappens.TestClients" name="test_portal_account_created" time="0.678" /><testcase classname="tests.test_sithappens.TestDogs" name="test_create_dog" time="0.117" /><testcase classname="tests.test_sithappens.TestDogs" name="test_list_dogs" time="0.097" /><testcase classname="tests.test_sithappens.TestDogs" name="test_add_training_log" time="0.120" /><testcase classname="tests.test_sithappens.TestBookings" name="test_rabies_expired" time="0.818" /><testcase classname="tests.test_sithappens.TestBookings" name="test_insufficient_credits" time="0.700" /><testcase classname="tests.test_sithappens.TestBookings" name="test_client_create_and_admin_approve" time="1.239" /><testcase classname="tests.test_sithappens.TestBookings" name="test_availability" time="0.120" /><testcase classname="tests.test_sithappens.TestMisc" name="test_dashboard_stats" time="0.108" /><testcase classname="tests.test_sithappens.TestMisc" name="test_events" time="0.106" /><testcase classname="tests.test_sithappens.TestMisc" name="test_portal_me_client" time="0.105" /><testcase classname="tests.test_sithappens.TestMisc" name="test_portal_me_admin_403" time="0.101" /><testcase classname="tests.test_sithappens.TestMisc" name="test_client_cannot_list_clients" time="0.108" /><testcase classname="tests.test_sithappens.TestMisc" name="test_client_cannot_dashboard" time="0.106" /><testcase classname="tests.test_sprint16_income.TestServicesSeed" name="test_seed_standard_first_run_creates_or_idempotent" time="0.465" /><testcase classname="tests.test_sprint16_income.TestServicesSeed" name="test_seed_standard_second_run_idempotent" time="0.106" /><testcase classname="tests.test_sprint16_income.TestServicesSeed" name="test_list_services_sorted_by_name" time="0.100" /><testcase classname="tests.test_sprint16_income.TestServicesCRUD" name="test_create_custom_service" time="0.099" /><testcase classname="tests.test_sprint16_income.TestServicesCRUD" name="test_update_service" time="0.221" /><testcase classname="tests.test_sprint16_income.TestServicesCRUD" name="test_delete_custom_service_hard_deletes" time="0.241" /><testcase classname="tests.test_sprint16_income.TestServicesCRUD" name="test_delete_default_service_soft_deletes" time="0.583" /><testcase classname="tests.test_sprint16_income.TestTransactionsCreate" name="test_log_service_uses_service_base_price_when_actual_null" time="0.322" /><testcase classname="tests.test_sprint16_income.TestTransactionsCreate" name="test_log_service_honors_explicit_actual_price" time="0.216" /><testcase classname="tests.test_sprint16_income.TestTransactionsUpdate" name="test_inline_price_edit_persists" time="0.206" /><testcase classname="tests.test_sprint16_income.TestTransactionsUpdate" name="test_mark_paid_autoflips_to_completed_and_stamps_paid_at" time="0.213" /><testcase classname="tests.test_sprint16_income.TestTransactionsUpdate" name="test_change_service_updates_name_and_syncs_price_only_if_zero" time="0.749" /><testcase classname="tests.test_sprint16_income.TestTransactionsList" name="test_list_excludes_cancelled" time="0.528" /><testcase classname="tests.test_sprint16_income.TestTransactionsList" name="test_filter_by_dog_and_service" time="0.206" /><testcase classname="tests.test_sprint16_income.TestWeeklySummary" name="test_current_week_bounds_mon_to_sun" time="0.109" /><testcase classname="tests.test_sprint16_income.TestWeeklySummary" name="test_ref_date_jumps_weeks" time="0.117" /><testcase classname="tests.test_sprint16_income.TestWeeklySummary" name="test_ref_date_invalid_400" time="0.106" /><testcase classname="tests.test_sprint16_income.TestSummaryRange" name="test_summary_range_with_by_day" time="0.123" /><testcase classname="tests.test_sprint16_income.TestCheckOutAutoTally" name="test_checkout_auto_attaches_default_service_price" time="0.105"><skipped type="pytest.skip" message="POST /bookings not available or rejected: 400 {&quot;detail&quot;:&quot;Rabies vaccine missing or expired&quot;}">/app/backend/tests/test_sprint16_income.py:314: POST /bookings not available or rejected: 400 {"detail":"Rabies vaccine missing or expired"}</skipped></testcase><testcase classname="tests.test_sprint16_income.TestClientForbidden" name="test_client_cannot_seed_services" time="0.437" /><testcase classname="tests.test_sprint16_income.TestClientForbidden" name="test_client_cannot_crud_services" time="0.105" /><testcase classname="tests.test_sprint16_income.TestClientForbidden" name="test_client_cannot_log_transaction" time="0.126" /><testcase classname="tests.test_sprint16_income.TestClientForbidden" name="test_client_cannot_list_transactions" time="0.106" /><testcase classname="tests.test_sprint16_income.TestClientForbidden" name="test_client_cannot_weekly_summary" time="0.101" /><testcase classname="tests.test_sprint16_income.TestZCleanup" name="test_delete_seed_test_transactions" time="0.207" /><testcase classname="tests.test_sprint2.TestCheckInOut" name="test_check_in_stamps_time" time="0.893" /><testcase classname="tests.test_sprint2.TestCheckInOut" name="test_check_in_not_found" time="0.120" /><testcase classname="tests.test_sprint2.TestCheckInOut" name="test_check_out_sets_completed" time="0.235" /><testcase classname="tests.test_sprint2.TestReportCard" name="test_save_report_card" time="0.108" /><testcase classname="tests.test_sprint2.TestReportCard" name="test_report_card_not_found" time="0.136" /><testcase classname="tests.test_sprint2.TestReportCard" name="test_report_card_visible_in_portal" time="0.757" /><testcase classname="tests.test_sprint2.TestDashboardRoster" name="test_today_roster_includes_completed" time="0.138" /><testcase classname="tests.test_sprint2.TestVaccineAlerts" name="test_admin_only" time="0.124" /><testcase classname="tests.test_sprint2.TestVaccineAlerts" name="test_alerts_returns_statuses" time="0.417" /><testcase classname="tests.test_sprint2.TestVaccineAlerts" name="test_dismiss_suppresses_alert" time="0.586" /><testcase classname="tests.test_sprint3.TestSettings" name="test_get_settings_admin" time="0.437" /><testcase classname="tests.test_sprint3.TestSettings" name="test_get_settings_requires_admin" time="0.912" /><testcase classname="tests.test_sprint3.TestSettings" name="test_put_settings_partial_persists" time="0.431" /><testcase classname="tests.test_sprint3.TestSettings" name="test_put_mood_tags_and_required_vaccines" time="0.418" /><testcase classname="tests.test_sprint3.TestSettings" name="test_public_settings_for_client" time="0.100" /><testcase classname="tests.test_sprint3.TestChangePassword" name="test_change_password_flow" time="2.212" /><testcase classname="tests.test_sprint3.TestVaccineRules" name="test_booking_rejected_when_required_vaccine_missing" time="0.425" /><testcase classname="tests.test_sprint3.TestAutoApproveAndCutoff" name="test_auto_approve_for_clients" time="0.905" /><testcase classname="tests.test_sprint3.TestAutoApproveAndCutoff" name="test_cancellation_cutoff_for_client" time="0.700" /><testcase classname="tests.test_sprint3.TestRecurringBookings" name="test_create_recurring_admin" time="1.983" /><testcase classname="tests.test_sprint3.TestRecurringBookings" name="test_recurring_validation" time="0.220" /><testcase classname="tests.test_sprint3.TestReschedule" name="test_admin_reschedule" time="0.521" /><testcase classname="tests.test_sprint3.TestReschedule" name="test_reschedule_404" time="0.103" /><testcase classname="tests.test_sprint3.TestReschedule" name="test_reschedule_requires_admin" time="0.331" /><testcase classname="tests.test_sprint3.TestTrainingServiceType" name="test_create_training_booking" time="0.217" /><testcase classname="tests.test_sprint3.TestTrainingServiceType" name="test_recurring_training" time="0.322" /><testcase classname="tests.test_sprint3.TestTrainingServiceType" name="test_dashboard_training_today" time="0.338" /><testcase classname="tests.test_sprint3.TestCapacityFromSettings" name="test_daycare_capacity_enforced" time="1.011" /><testcase classname="tests.test_sprint4.TestWaiverSettings" name="test_public_settings_exposes_waiver_fields" time="0.441" /><testcase classname="tests.test_sprint4.TestWaiverFlow" name="test_me_unsigned_returns_signed_false_with_version" time="1.022" /><testcase classname="tests.test_sprint4.TestWaiverFlow" name="test_sign_requires_accepted_true" time="0.099" /><testcase classname="tests.test_sprint4.TestWaiverFlow" name="test_sign_requires_typed_name_min_length" time="0.109" /><testcase classname="tests.test_sprint4.TestWaiverFlow" name="test_sign_succeeds_and_persists" time="19.838" /><testcase classname="tests.test_sprint4.TestWaiverFlow" name="test_clients_waiver_unsigned_returns_signed_false" time="0.383" /><testcase classname="tests.test_sprint4.TestWaiverGating" name="test_unsigned_client_blocked_from_booking" time="21.421" /><testcase classname="tests.test_sprint4.TestWaiverGating" name="test_version_bump_forces_resign" time="2.069" /><testcase classname="tests.test_sprint4.TestIncidents" name="test_incident_crud_and_filter" time="1.518" /><testcase classname="tests.test_sprint4.TestAdminBookingOverrides" name="test_override_vaccines_allows_missing_vaccines" time="20.942" /><testcase classname="tests.test_sprint4.TestAdminBookingOverrides" name="test_override_capacity_allows_beyond_capacity" time="1.359" /><testcase classname="tests.test_sprint4.TestAdminBookingOverrides" name="test_check_in_now_stamps_timestamp" time="0.460" /><testcase classname="tests.test_sprint4.TestAdminBookingOverrides" name="test_client_override_flags_are_ignored" time="1.506" /><testcase classname="tests.test_sprint5_7.TestDogCareFields" name="test_create_dog_persists_care_fields" time="0.750" /><testcase classname="tests.test_sprint5_7.TestDogCareFields" name="test_update_dog_modifies_care_fields" time="0.220" /><testcase classname="tests.test_sprint5_7.TestBookingTimes" name="test_booking_persists_dropoff_pickup" time="0.368" /><testcase classname="tests.test_sprint5_7.TestRunSheet" name="test_run_sheet_structure_and_sort" time="0.839" /><testcase classname="tests.test_sprint5_7.TestRunSheet" name="test_run_sheet_filters_by_date" time="0.411" /><testcase classname="tests.test_sprint5_7.TestHomework" name="test_create_requires_admin" time="0.794" /><testcase classname="tests.test_sprint5_7.TestHomework" name="test_create_validates_title_length" time="0.101" /><testcase classname="tests.test_sprint5_7.TestHomework" name="test_full_homework_flow" time="2.178" /><testcase classname="tests.test_sprint5_7.TestHomework" name="test_client_cannot_delete" time="0.496" /><testcase classname="tests.test_sprint5_7.TestDashboardRoster" name="test_roster_entries_include_dog_with_care_fields" time="0.827"><failure message="AssertionError: assert 'feeding_schedule' in {'age_m': 0, 'age_y': 3, 'birthday': '', 'breed': 'Labrador', ...}">E   AssertionError: assert 'feeding_schedule' in {'age_m': 0, 'age_y': 3, 'birthday': '', 'breed': 'Labrador', ...}</failure></testcase><testcase classname="tests.test_sprint6.TestSearch" name="test_search_requires_auth" time="0.099" /><testcase classname="tests.test_sprint6.TestSearch" name="test_search_finds_dog_and_client" time="0.861" /><testcase classname="tests.test_sprint6.TestSearch" name="test_search_empty_query_returns_empty" time="0.100" /><testcase classname="tests.test_sprint6.TestBookingPatch" name="test_patch_updates_notes_kennel_times" time="0.220" /><testcase classname="tests.test_sprint6.TestBookingPatch" name="test_patch_404_unknown" time="0.135" /><testcase classname="tests.test_sprint6.TestBookingConflicts" name="test_conflict_present_for_existing_booking" time="0.111" /><testcase classname="tests.test_sprint6.TestBookingConflicts" name="test_no_conflict_for_far_future" time="0.104" /><testcase classname="tests.test_sprint6.TestDogStats" name="test_stats_structure_and_daycare_increment" time="0.115" /><testcase classname="tests.test_sprint6.TestDogStats" name="test_stats_404_unknown_dog" time="0.105" /><testcase classname="tests.test_sprint6.TestUpcomingBirthdays" name="test_birthday_within_14_days_appears" time="0.446" /><testcase classname="tests.test_training_curriculum.TestTrainingMeta" name="test_meta_categories_and_scale" time="0.444" /><testcase classname="tests.test_training_curriculum.TestTrainingMeta" name="test_meta_requires_auth" time="0.100" /><testcase classname="tests.test_training_curriculum.TestCommandLibrary" name="test_get_commands_autoseeds_36" time="0.102" /><testcase classname="tests.test_training_curriculum.TestCommandLibrary" name="test_seed_known_commands_present" time="0.120" /><testcase classname="tests.test_training_curriculum.TestCommandLibrary" name="test_client_can_list_commands" time="0.422" /><testcase classname="tests.test_training_curriculum.TestCommandLibrary" name="test_admin_create_update_delete" time="0.562" /><testcase classname="tests.test_training_curriculum.TestCommandLibrary" name="test_client_cannot_create_command" time="0.111" /><testcase classname="tests.test_training_curriculum.TestCommandLibrary" name="test_client_cannot_update_or_delete" time="0.448" /><testcase classname="tests.test_training_curriculum.TestDogCurriculum" name="test_get_training_returns_36_items" time="0.276" /><testcase classname="tests.test_training_curriculum.TestDogCurriculum" name="test_get_training_initial_level_zero" time="0.109" /><testcase classname="tests.test_training_curriculum.TestDogCurriculum" name="test_client_can_see_own_dog_training" time="0.104" /><testcase classname="tests.test_training_curriculum.TestDogCurriculum" name="test_client_cannot_update_curriculum" time="0.205" /><testcase classname="tests.test_training_curriculum.TestDogCurriculum" name="test_admin_put_curriculum_persists" time="0.333" /><testcase classname="tests.test_training_curriculum.TestTrainingSessions" name="test_admin_log_session_highest_wins" time="0.348" /><testcase classname="tests.test_training_curriculum.TestTrainingSessions" name="test_list_sessions" time="0.108" /><testcase classname="tests.test_training_curriculum.TestTrainingSessions" name="test_client_cannot_log_session" time="0.117" /><testcase classname="tests.test_training_curriculum.TestTrainingSessions" name="test_client_can_list_own_dog_sessions" time="0.131" /><testcase classname="tests.test_training_curriculum.TestTrainingSessions" name="test_cgc_mock_pass_sets_field" time="0.211" /><testcase classname="tests.test_training_curriculum.TestBadgeLogic" name="test_bronze_emerges_when_basics_50pct" time="1.779" /></testsuite></testsuites>