<?xml version="1.0" encoding="utf-8"?><testsuites name="pytest tests"><testsuite name="pytest" errors="0" failures="0" skipped="0" tests="5" time="4.067" timestamp="2026-05-15T12:12:45.812911+00:00" hostname="agent-env-a64f6939-0fc0-4978-8361-cb36ac2753c0"><testcase classname="tests.test_iter13_sprint17" name="test_register_sends_email_no_crash" time="1.265" /><testcase classname="tests.test_iter13_sprint17" name="test_enroll_buddy_auto_completes" time="2.018" /><testcase classname="tests.test_iter13_sprint17" name="test_bulk_sell_packs_returns_receipt" time="0.432" /><testcase classname="tests.test_iter13_sprint17" name="test_list_client_receipts_shape" time="0.103" /><testcase classname="tests.test_iter13_sprint17" name="test_zz_cleanup_alex" time="0.213" /></testsuite></testsuites>