<?xml version="1.0" encoding="utf-8"?><testsuites name="pytest tests"><testsuite name="pytest" errors="0" failures="0" skipped="0" tests="13" time="3.727" timestamp="2026-05-15T12:42:31.250475+00:00" hostname="agent-env-a64f6939-0fc0-4978-8361-cb36ac2753c0"><testcase classname="tests.test_iter14_perf.TestBookingsWindow" name="test_default_window_is_rolling_180_days" time="1.178" /><testcase classname="tests.test_iter14_perf.TestBookingsWindow" name="test_include_all_returns_more_or_equal" time="0.248" /><testcase classname="tests.test_iter14_perf.TestBookingsWindow" name="test_custom_date_range" time="0.123" /><testcase classname="tests.test_iter14_perf.TestBookingsWindow" name="test_client_scope_filter" time="0.589" /><testcase classname="tests.test_iter14_perf.TestDogsList" name="test_list_dogs_no_photos_gallery" time="0.130" /><testcase classname="tests.test_iter14_perf.TestDogsList" name="test_list_smaller_than_detail" time="0.208" /><testcase classname="tests.test_iter14_perf.TestDogDetail" name="test_buddy_detail_includes_photos_field" time="0.109" /><testcase classname="tests.test_iter14_perf.TestDogDetail" name="test_unknown_id_returns_404" time="0.111" /><testcase classname="tests.test_iter14_perf.TestDogDetail" name="test_client_cannot_access_other_clients_dog" time="0.102" /><testcase classname="tests.test_iter14_perf.TestDashboardStats" name="test_top_level_fields_present" time="0.112" /><testcase classname="tests.test_iter14_perf.TestDashboardStats" name="test_roster_dogs_have_heavy_fields_stripped" time="0.454" /><testcase classname="tests.test_iter14_perf.TestProgramsPipeline" name="test_pipeline_returns_joined_rows" time="0.133" /><testcase classname="tests.test_iter14_perf.TestIndexes" name="test_indexes_exist" time="0.188" /></testsuite></testsuites>