<?xml version="1.0" encoding="utf-8"?><testsuites name="pytest tests"><testsuite name="pytest" errors="0" failures="0" skipped="0" tests="15" time="6.635" timestamp="2026-05-14T10:46:37.826782+00:00" hostname="agent-env-a64f6939-0fc0-4978-8361-cb36ac2753c0"><testcase classname="backend.tests.test_programs.TestProgramsMeta" name="test_meta_returns_types_and_statuses" time="1.051" /><testcase classname="backend.tests.test_programs.TestProgramsList" name="test_list_seeds_7_default_programs_for_admin" time="0.111" /><testcase classname="backend.tests.test_programs.TestProgramsList" name="test_list_programs_forbidden_for_client" time="0.435" /><testcase classname="backend.tests.test_programs.TestProgramsCRUD" name="test_create_update_delete_program" time="0.417" /><testcase classname="backend.tests.test_programs.TestProgramsCRUD" name="test_create_forbidden_for_client" time="0.097" /><testcase classname="backend.tests.test_programs.TestEnrollment" name="test_enroll_and_summary" time="0.324" /><testcase classname="backend.tests.test_programs.TestEnrollment" name="test_second_enroll_pauses_first" time="0.301" /><testcase classname="backend.tests.test_programs.TestEnrollment" name="test_client_can_get_own_enrollments" time="0.103" /><testcase classname="backend.tests.test_programs.TestEnrollment" name="test_client_cannot_enroll" time="0.231" /><testcase classname="backend.tests.test_programs.TestGoalAndStatus" name="test_goal_score_autobumps_status" time="0.453" /><testcase classname="backend.tests.test_programs.TestGoalAndStatus" name="test_status_transitions" time="0.632" /><testcase classname="backend.tests.test_programs.TestCustomProgram" name="test_custom_creates_and_enrolls" time="0.141" /><testcase classname="backend.tests.test_programs.TestActiveSummaryAndRunSheet" name="test_active_summary" time="0.098" /><testcase classname="backend.tests.test_programs.TestActiveSummaryAndRunSheet" name="test_run_sheet_includes_active_program_name" time="0.423" /><testcase classname="backend.tests.test_programs.TestCleanup" name="test_cleanup_enrollments" time="1.766" /></testsuite></testsuites>