<?xml version="1.0" encoding="utf-8"?><testsuites name="pytest tests"><testsuite name="pytest" errors="0" failures="0" skipped="0" tests="81" time="133.752" timestamp="2026-05-13T17:16:41.419372+00:00" hostname="agent-env-a64f6939-0fc0-4978-8361-cb36ac2753c0"><testcase classname="backend.tests.test_sithappens.TestAuth" name="test_admin_login" time="0.954" /><testcase classname="backend.tests.test_sithappens.TestAuth" name="test_register" time="0.385" /><testcase classname="backend.tests.test_sithappens.TestAuth" name="test_me" time="0.136" /><testcase classname="backend.tests.test_sithappens.TestAuth" name="test_login_bad" time="0.330" /><testcase classname="backend.tests.test_sithappens.TestClients" name="test_list_clients" time="0.225" /><testcase classname="backend.tests.test_sithappens.TestClients" name="test_update_client" time="0.143" /><testcase classname="backend.tests.test_sithappens.TestClients" name="test_portal_account_created" time="0.675" /><testcase classname="backend.tests.test_sithappens.TestDogs" name="test_create_dog" time="0.105" /><testcase classname="backend.tests.test_sithappens.TestDogs" name="test_list_dogs" time="0.116" /><testcase classname="backend.tests.test_sithappens.TestDogs" name="test_add_training_log" time="0.122" /><testcase classname="backend.tests.test_sithappens.TestBookings" name="test_rabies_expired" time="0.223" /><testcase classname="backend.tests.test_sithappens.TestBookings" name="test_insufficient_credits" time="0.257" /><testcase classname="backend.tests.test_sithappens.TestBookings" name="test_client_create_and_admin_approve" time="0.767" /><testcase classname="backend.tests.test_sithappens.TestBookings" name="test_availability" time="0.107" /><testcase classname="backend.tests.test_sithappens.TestMisc" name="test_dashboard_stats" time="0.105" /><testcase classname="backend.tests.test_sithappens.TestMisc" name="test_events" time="0.119" /><testcase classname="backend.tests.test_sithappens.TestMisc" name="test_portal_me_client" time="0.122" /><testcase classname="backend.tests.test_sithappens.TestMisc" name="test_portal_me_admin_403" time="0.124" /><testcase classname="backend.tests.test_sithappens.TestMisc" name="test_client_cannot_list_clients" time="0.132" /><testcase classname="backend.tests.test_sithappens.TestMisc" name="test_client_cannot_dashboard" time="0.111" /><testcase classname="backend.tests.test_sprint2.TestCheckInOut" name="test_check_in_stamps_time" time="1.031" /><testcase classname="backend.tests.test_sprint2.TestCheckInOut" name="test_check_in_not_found" time="0.124" /><testcase classname="backend.tests.test_sprint2.TestCheckInOut" name="test_check_out_sets_completed" time="0.283" /><testcase classname="backend.tests.test_sprint2.TestReportCard" name="test_save_report_card" time="0.133" /><testcase classname="backend.tests.test_sprint2.TestReportCard" name="test_report_card_not_found" time="0.133" /><testcase classname="backend.tests.test_sprint2.TestReportCard" name="test_report_card_visible_in_portal" time="0.791" /><testcase classname="backend.tests.test_sprint2.TestDashboardRoster" name="test_today_roster_includes_completed" time="0.127" /><testcase classname="backend.tests.test_sprint2.TestVaccineAlerts" name="test_admin_only" time="0.103" /><testcase classname="backend.tests.test_sprint2.TestVaccineAlerts" name="test_alerts_returns_statuses" time="0.487" /><testcase classname="backend.tests.test_sprint2.TestVaccineAlerts" name="test_dismiss_suppresses_alert" time="0.578" /><testcase classname="backend.tests.test_sprint3.TestSettings" name="test_get_settings_admin" time="0.469" /><testcase classname="backend.tests.test_sprint3.TestSettings" name="test_get_settings_requires_admin" time="0.921" /><testcase classname="backend.tests.test_sprint3.TestSettings" name="test_put_settings_partial_persists" time="0.510" /><testcase classname="backend.tests.test_sprint3.TestSettings" name="test_put_mood_tags_and_required_vaccines" time="0.434" /><testcase classname="backend.tests.test_sprint3.TestSettings" name="test_public_settings_for_client" time="0.126" /><testcase classname="backend.tests.test_sprint3.TestChangePassword" name="test_change_password_flow" time="2.416" /><testcase classname="backend.tests.test_sprint3.TestVaccineRules" name="test_booking_rejected_when_required_vaccine_missing" time="0.526" /><testcase classname="backend.tests.test_sprint3.TestAutoApproveAndCutoff" name="test_auto_approve_for_clients" time="0.700" /><testcase classname="backend.tests.test_sprint3.TestAutoApproveAndCutoff" name="test_cancellation_cutoff_for_client" time="0.782" /><testcase classname="backend.tests.test_sprint3.TestRecurringBookings" name="test_create_recurring_admin" time="0.912" /><testcase classname="backend.tests.test_sprint3.TestRecurringBookings" name="test_recurring_validation" time="11.496" /><testcase classname="backend.tests.test_sprint3.TestReschedule" name="test_admin_reschedule" time="26.033" /><testcase classname="backend.tests.test_sprint3.TestReschedule" name="test_reschedule_404" time="15.149" /><testcase classname="backend.tests.test_sprint3.TestReschedule" name="test_reschedule_requires_admin" time="0.376" /><testcase classname="backend.tests.test_sprint3.TestTrainingServiceType" name="test_create_training_booking" time="0.246" /><testcase classname="backend.tests.test_sprint3.TestTrainingServiceType" name="test_recurring_training" time="0.471" /><testcase classname="backend.tests.test_sprint3.TestTrainingServiceType" name="test_dashboard_training_today" time="5.577" /><testcase classname="backend.tests.test_sprint3.TestCapacityFromSettings" name="test_daycare_capacity_enforced" time="1.112" /><testcase classname="backend.tests.test_sprint4.TestWaiverSettings" name="test_public_settings_exposes_waiver_fields" time="0.475" /><testcase classname="backend.tests.test_sprint4.TestWaiverFlow" name="test_me_unsigned_returns_signed_false_with_version" time="1.041" /><testcase classname="backend.tests.test_sprint4.TestWaiverFlow" name="test_sign_requires_accepted_true" time="0.106" /><testcase classname="backend.tests.test_sprint4.TestWaiverFlow" name="test_sign_requires_typed_name_min_length" time="0.113" /><testcase classname="backend.tests.test_sprint4.TestWaiverFlow" name="test_sign_succeeds_and_persists" time="0.510" /><testcase classname="backend.tests.test_sprint4.TestWaiverFlow" name="test_clients_waiver_unsigned_returns_signed_false" time="0.376" /><testcase classname="backend.tests.test_sprint4.TestWaiverGating" name="test_unsigned_client_blocked_from_booking" time="1.869" /><testcase classname="backend.tests.test_sprint4.TestWaiverGating" name="test_version_bump_forces_resign" time="2.069" /><testcase classname="backend.tests.test_sprint4.TestIncidents" name="test_incident_crud_and_filter" time="13.828" /><testcase classname="backend.tests.test_sprint4.TestAdminBookingOverrides" name="test_override_vaccines_allows_missing_vaccines" time="0.857" /><testcase classname="backend.tests.test_sprint4.TestAdminBookingOverrides" name="test_override_capacity_allows_beyond_capacity" time="1.665" /><testcase classname="backend.tests.test_sprint4.TestAdminBookingOverrides" name="test_check_in_now_stamps_timestamp" time="0.532" /><testcase classname="backend.tests.test_sprint4.TestAdminBookingOverrides" name="test_client_override_flags_are_ignored" time="1.623" /><testcase classname="backend.tests.test_sprint5_7.TestDogCareFields" name="test_create_dog_persists_care_fields" time="0.848" /><testcase classname="backend.tests.test_sprint5_7.TestDogCareFields" name="test_update_dog_modifies_care_fields" time="0.289" /><testcase classname="backend.tests.test_sprint5_7.TestBookingTimes" name="test_booking_persists_dropoff_pickup" time="0.360" /><testcase classname="backend.tests.test_sprint5_7.TestRunSheet" name="test_run_sheet_structure_and_sort" time="0.885" /><testcase classname="backend.tests.test_sprint5_7.TestRunSheet" name="test_run_sheet_filters_by_date" time="11.682" /><testcase classname="backend.tests.test_sprint5_7.TestHomework" name="test_create_requires_admin" time="0.831" /><testcase classname="backend.tests.test_sprint5_7.TestHomework" name="test_create_validates_title_length" time="0.102" /><testcase classname="backend.tests.test_sprint5_7.TestHomework" name="test_full_homework_flow" time="1.981" /><testcase classname="backend.tests.test_sprint5_7.TestHomework" name="test_client_cannot_delete" time="0.358" /><testcase classname="backend.tests.test_sprint5_7.TestDashboardRoster" name="test_roster_entries_include_dog_with_care_fields" time="11.236" /><testcase classname="backend.tests.test_sprint6.TestSearch" name="test_search_requires_auth" time="0.112" /><testcase classname="backend.tests.test_sprint6.TestSearch" name="test_search_finds_dog_and_client" time="0.892" /><testcase classname="backend.tests.test_sprint6.TestSearch" name="test_search_empty_query_returns_empty" time="0.139" /><testcase classname="backend.tests.test_sprint6.TestBookingPatch" name="test_patch_updates_notes_kennel_times" time="0.234" /><testcase classname="backend.tests.test_sprint6.TestBookingPatch" name="test_patch_404_unknown" time="0.112" /><testcase classname="backend.tests.test_sprint6.TestBookingConflicts" name="test_conflict_present_for_existing_booking" time="0.121" /><testcase classname="backend.tests.test_sprint6.TestBookingConflicts" name="test_no_conflict_for_far_future" time="0.101" /><testcase classname="backend.tests.test_sprint6.TestDogStats" name="test_stats_structure_and_daycare_increment" time="0.112" /><testcase classname="backend.tests.test_sprint6.TestDogStats" name="test_stats_404_unknown_dog" time="0.140" /><testcase classname="backend.tests.test_sprint6.TestUpcomingBirthdays" name="test_birthday_within_14_days_appears" time="0.771" /></testsuite></testsuites>