<?xml version="1.0" encoding="utf-8"?><testsuites name="pytest tests"><testsuite name="pytest" errors="0" failures="0" skipped="0" tests="21" time="3.406" timestamp="2026-05-17T11:39:30.352608+00:00" hostname="agent-env-a64f6939-0fc0-4978-8361-cb36ac2753c0"><testcase classname="backend.tests.test_iter16_trophies.TestCatalogSeed" name="test_catalog_has_15_with_tier_colors" time="0.966" /><testcase classname="backend.tests.test_iter16_trophies.TestIdempotency" name="test_duplicate_manual_award_returns_400" time="0.051" /><testcase classname="backend.tests.test_iter16_trophies.TestIdempotency" name="test_dog_trophies_list_contains_award" time="0.047" /><testcase classname="backend.tests.test_iter16_trophies.TestAdminCRUD" name="test_create_custom_trophy" time="0.094" /><testcase classname="backend.tests.test_iter16_trophies.TestAdminCRUD" name="test_edit_default_trophy_name" time="0.144" /><testcase classname="backend.tests.test_iter16_trophies.TestAdminCRUD" name="test_delete_default_soft_deactivates" time="0.152" /><testcase classname="backend.tests.test_iter16_trophies.TestAdminCRUD" name="test_delete_custom_hard_deletes" time="0.098" /><testcase classname="backend.tests.test_iter16_trophies.TestAuthGating" name="test_client_cannot_create_trophy" time="0.318" /><testcase classname="backend.tests.test_iter16_trophies.TestAuthGating" name="test_client_cannot_award_trophy" time="0.046" /><testcase classname="backend.tests.test_iter16_trophies.TestAuthGating" name="test_client_cannot_revoke" time="0.093" /><testcase classname="backend.tests.test_iter16_trophies.TestAuthGating" name="test_client_cannot_view_leaderboard" time="0.045" /><testcase classname="backend.tests.test_iter16_trophies.TestAuthGating" name="test_client_can_read_own_client_trophies" time="0.049" /><testcase classname="backend.tests.test_iter16_trophies.TestAuthGating" name="test_client_can_read_own_dog_trophies" time="0.046" /><testcase classname="backend.tests.test_iter16_trophies.TestAuthGating" name="test_client_can_read_portal_trophies" time="0.048" /><testcase classname="backend.tests.test_iter16_trophies.TestShareCardAndLeaderboard" name="test_share_card_png" time="0.187" /><testcase classname="backend.tests.test_iter16_trophies.TestShareCardAndLeaderboard" name="test_share_card_404_on_bad_id" time="0.046" /><testcase classname="backend.tests.test_iter16_trophies.TestShareCardAndLeaderboard" name="test_leaderboard_structure" time="0.048" /><testcase classname="backend.tests.test_iter16_trophies.TestSeenFlag" name="test_mark_seen_then_unseen_excludes" time="0.143" /><testcase classname="backend.tests.test_iter16_trophies.TestAutoAwardCheckout" name="test_visit_count_threshold_triggers_award" time="0.159" /><testcase classname="backend.tests.test_iter16_trophies.TestAutoAwardHomework" name="test_7day_streak_awards_homework_hero" time="0.060" /><testcase classname="backend.tests.test_iter16_trophies.TestRevoke" name="test_revoke_excludes_from_lists_and_share" time="0.448" /></testsuite></testsuites>