<?xml version="1.0" encoding="utf-8"?><testsuites name="pytest tests"><testsuite name="pytest" errors="0" failures="1" skipped="0" tests="18" time="7.851" timestamp="2026-05-14T14:53:05.439367+00:00" hostname="agent-env-a64f6939-0fc0-4978-8361-cb36ac2753c0"><testcase classname="tests.test_homework_templates.TestTemplateLibrary" name="test_seed_is_idempotent" time="1.295" /><testcase classname="tests.test_homework_templates.TestTemplateLibrary" name="test_list_returns_10_sorted_by_tier" time="0.120" /><testcase classname="tests.test_homework_templates.TestTemplateLibrary" name="test_client_can_list_templates" time="0.450" /><testcase classname="tests.test_homework_templates.TestTemplateCRUD" name="test_admin_create_custom_template" time="0.228" /><testcase classname="tests.test_homework_templates.TestTemplateCRUD" name="test_client_cannot_create_template" time="0.120" /><testcase classname="tests.test_homework_templates.TestTemplateCRUD" name="test_update_custom_template" time="0.288" /><testcase classname="tests.test_homework_templates.TestTemplateCRUD" name="test_update_system_template_marks_customized" time="0.370"><failure message="AssertionError: Expected customized=True after admin edits a system template; got customized=None&#10;assert None is True&#10; +  where None = &lt;built-in method get of dict object at 0xfd1a28ebfdc0&gt;('customized')&#10; +    where &lt;built-in method get of dict object at 0xfd1a28ebfdc0&gt; = {'active': True, 'cover_color': '', 'created_at': '2026-05-14T14:39:51.285551+00:00', 'default_duration_days': 7, ...}.get">tests/test_homework_templates.py:179: in test_update_system_template_marks_customized
    assert touched.get("customized") is True, (
E   AssertionError: Expected customized=True after admin edits a system template; got customized=None
E   assert None is True
E    +  where None = &lt;built-in method get of dict object at 0xfd1a28ebfdc0&gt;('customized')
E    +    where &lt;built-in method get of dict object at 0xfd1a28ebfdc0&gt; = {'active': True, 'cover_color': '', 'created_at': '2026-05-14T14:39:51.285551+00:00', 'default_duration_days': 7, ...}.get</failure></testcase><testcase classname="tests.test_homework_templates.TestTemplateCRUD" name="test_delete_custom_hard_deletes" time="0.265" /><testcase classname="tests.test_homework_templates.TestTemplateCRUD" name="test_delete_system_soft_deletes_then_reseed_restores" time="0.657" /><testcase classname="tests.test_homework_templates.TestAssignFromTemplate" name="test_admin_assigns_template_to_dog" time="0.384" /><testcase classname="tests.test_homework_templates.TestAssignFromTemplate" name="test_client_cannot_call_from_template" time="0.275" /><testcase classname="tests.test_homework_templates.TestSectionLoggingAndReport" name="test_log_section_validates_section_id" time="0.139" /><testcase classname="tests.test_homework_templates.TestSectionLoggingAndReport" name="test_client_logs_multiple_sessions_trend_up" time="0.741" /><testcase classname="tests.test_homework_templates.TestSectionLoggingAndReport" name="test_report_aggregations" time="0.140" /><testcase classname="tests.test_homework_templates.TestSectionLoggingAndReport" name="test_report_trend_down" time="1.149" /><testcase classname="tests.test_homework_templates.TestSectionLoggingAndReport" name="test_delete_section_log" time="0.350" /><testcase classname="tests.test_homework_templates.TestHomeworkRegression" name="test_plain_create_and_complete" time="0.402" /><testcase classname="tests.test_homework_templates.TestZCleanup" name="test_cleanup_assigned_homework" time="0.396" /></testsuite></testsuites>