<?xml version="1.0" encoding="utf-8"?><testsuites name="pytest tests"><testsuite name="pytest" errors="0" failures="0" skipped="0" tests="20" time="6.289" timestamp="2026-05-13T15:00:57.461359+00:00" hostname="agent-env-a64f6939-0fc0-4978-8361-cb36ac2753c0"><testcase classname="backend.tests.test_sithappens.TestAuth" name="test_admin_login" time="0.524" /><testcase classname="backend.tests.test_sithappens.TestAuth" name="test_register" time="0.458" /><testcase classname="backend.tests.test_sithappens.TestAuth" name="test_me" time="0.202" /><testcase classname="backend.tests.test_sithappens.TestAuth" name="test_login_bad" time="0.379" /><testcase classname="backend.tests.test_sithappens.TestClients" name="test_list_clients" time="0.316" /><testcase classname="backend.tests.test_sithappens.TestClients" name="test_update_client" time="0.131" /><testcase classname="backend.tests.test_sithappens.TestClients" name="test_portal_account_created" time="0.794" /><testcase classname="backend.tests.test_sithappens.TestDogs" name="test_create_dog" time="0.196" /><testcase classname="backend.tests.test_sithappens.TestDogs" name="test_list_dogs" time="0.258" /><testcase classname="backend.tests.test_sithappens.TestDogs" name="test_add_training_log" time="0.127" /><testcase classname="backend.tests.test_sithappens.TestBookings" name="test_rabies_expired" time="0.318" /><testcase classname="backend.tests.test_sithappens.TestBookings" name="test_insufficient_credits" time="0.284" /><testcase classname="backend.tests.test_sithappens.TestBookings" name="test_client_create_and_admin_approve" time="0.860" /><testcase classname="backend.tests.test_sithappens.TestBookings" name="test_availability" time="0.145" /><testcase classname="backend.tests.test_sithappens.TestMisc" name="test_dashboard_stats" time="0.145" /><testcase classname="backend.tests.test_sithappens.TestMisc" name="test_events" time="0.152" /><testcase classname="backend.tests.test_sithappens.TestMisc" name="test_portal_me_client" time="0.145" /><testcase classname="backend.tests.test_sithappens.TestMisc" name="test_portal_me_admin_403" time="0.127" /><testcase classname="backend.tests.test_sithappens.TestMisc" name="test_client_cannot_list_clients" time="0.162" /><testcase classname="backend.tests.test_sithappens.TestMisc" name="test_client_cannot_dashboard" time="0.424" /></testsuite></testsuites>