<?xml version="1.0" encoding="utf-8"?><testsuites name="pytest tests"><testsuite name="pytest" errors="0" failures="0" skipped="0" tests="61" time="36.583" timestamp="2026-05-13T16:39:57.972604+00:00" hostname="agent-env-a64f6939-0fc0-4978-8361-cb36ac2753c0"><testcase classname="backend.tests.test_sithappens.TestAuth" name="test_admin_login" time="1.143" /><testcase classname="backend.tests.test_sithappens.TestAuth" name="test_register" time="0.325" /><testcase classname="backend.tests.test_sithappens.TestAuth" name="test_me" time="0.127" /><testcase classname="backend.tests.test_sithappens.TestAuth" name="test_login_bad" time="0.322" /><testcase classname="backend.tests.test_sithappens.TestClients" name="test_list_clients" time="0.264" /><testcase classname="backend.tests.test_sithappens.TestClients" name="test_update_client" time="0.108" /><testcase classname="backend.tests.test_sithappens.TestClients" name="test_portal_account_created" time="0.652" /><testcase classname="backend.tests.test_sithappens.TestDogs" name="test_create_dog" time="0.119" /><testcase classname="backend.tests.test_sithappens.TestDogs" name="test_list_dogs" time="0.140" /><testcase classname="backend.tests.test_sithappens.TestDogs" name="test_add_training_log" time="0.127" /><testcase classname="backend.tests.test_sithappens.TestBookings" name="test_rabies_expired" time="0.220" /><testcase classname="backend.tests.test_sithappens.TestBookings" name="test_insufficient_credits" time="0.277" /><testcase classname="backend.tests.test_sithappens.TestBookings" name="test_client_create_and_admin_approve" time="0.800" /><testcase classname="backend.tests.test_sithappens.TestBookings" name="test_availability" time="0.133" /><testcase classname="backend.tests.test_sithappens.TestMisc" name="test_dashboard_stats" time="0.134" /><testcase classname="backend.tests.test_sithappens.TestMisc" name="test_events" time="0.126" /><testcase classname="backend.tests.test_sithappens.TestMisc" name="test_portal_me_client" time="0.126" /><testcase classname="backend.tests.test_sithappens.TestMisc" name="test_portal_me_admin_403" time="0.121" /><testcase classname="backend.tests.test_sithappens.TestMisc" name="test_client_cannot_list_clients" time="0.177" /><testcase classname="backend.tests.test_sithappens.TestMisc" name="test_client_cannot_dashboard" time="0.127" /><testcase classname="backend.tests.test_sprint2.TestCheckInOut" name="test_check_in_stamps_time" time="0.946" /><testcase classname="backend.tests.test_sprint2.TestCheckInOut" name="test_check_in_not_found" time="0.121" /><testcase classname="backend.tests.test_sprint2.TestCheckInOut" name="test_check_out_sets_completed" time="0.276" /><testcase classname="backend.tests.test_sprint2.TestReportCard" name="test_save_report_card" time="0.114" /><testcase classname="backend.tests.test_sprint2.TestReportCard" name="test_report_card_not_found" time="0.112" /><testcase classname="backend.tests.test_sprint2.TestReportCard" name="test_report_card_visible_in_portal" time="0.784" /><testcase classname="backend.tests.test_sprint2.TestDashboardRoster" name="test_today_roster_includes_completed" time="0.110" /><testcase classname="backend.tests.test_sprint2.TestVaccineAlerts" name="test_admin_only" time="0.116" /><testcase classname="backend.tests.test_sprint2.TestVaccineAlerts" name="test_alerts_returns_statuses" time="0.506" /><testcase classname="backend.tests.test_sprint2.TestVaccineAlerts" name="test_dismiss_suppresses_alert" time="0.652" /><testcase classname="backend.tests.test_sprint3.TestSettings" name="test_get_settings_admin" time="0.482" /><testcase classname="backend.tests.test_sprint3.TestSettings" name="test_get_settings_requires_admin" time="1.213" /><testcase classname="backend.tests.test_sprint3.TestSettings" name="test_put_settings_partial_persists" time="0.476" /><testcase classname="backend.tests.test_sprint3.TestSettings" name="test_put_mood_tags_and_required_vaccines" time="0.463" /><testcase classname="backend.tests.test_sprint3.TestSettings" name="test_public_settings_for_client" time="0.105" /><testcase classname="backend.tests.test_sprint3.TestChangePassword" name="test_change_password_flow" time="2.230" /><testcase classname="backend.tests.test_sprint3.TestVaccineRules" name="test_booking_rejected_when_required_vaccine_missing" time="0.519" /><testcase classname="backend.tests.test_sprint3.TestAutoApproveAndCutoff" name="test_auto_approve_for_clients" time="1.039" /><testcase classname="backend.tests.test_sprint3.TestAutoApproveAndCutoff" name="test_cancellation_cutoff_for_client" time="0.773" /><testcase classname="backend.tests.test_sprint3.TestRecurringBookings" name="test_create_recurring_admin" time="0.909" /><testcase classname="backend.tests.test_sprint3.TestRecurringBookings" name="test_recurring_validation" time="0.244" /><testcase classname="backend.tests.test_sprint3.TestReschedule" name="test_admin_reschedule" time="0.436" /><testcase classname="backend.tests.test_sprint3.TestReschedule" name="test_reschedule_404" time="0.172" /><testcase classname="backend.tests.test_sprint3.TestReschedule" name="test_reschedule_requires_admin" time="0.370" /><testcase classname="backend.tests.test_sprint3.TestTrainingServiceType" name="test_create_training_booking" time="0.255" /><testcase classname="backend.tests.test_sprint3.TestTrainingServiceType" name="test_recurring_training" time="0.357" /><testcase classname="backend.tests.test_sprint3.TestTrainingServiceType" name="test_dashboard_training_today" time="0.550" /><testcase classname="backend.tests.test_sprint3.TestCapacityFromSettings" name="test_daycare_capacity_enforced" time="1.139" /><testcase classname="backend.tests.test_sprint4.TestWaiverSettings" name="test_public_settings_exposes_waiver_fields" time="0.528" /><testcase classname="backend.tests.test_sprint4.TestWaiverFlow" name="test_me_unsigned_returns_signed_false_with_version" time="1.096" /><testcase classname="backend.tests.test_sprint4.TestWaiverFlow" name="test_sign_requires_accepted_true" time="0.104" /><testcase classname="backend.tests.test_sprint4.TestWaiverFlow" name="test_sign_requires_typed_name_min_length" time="0.121" /><testcase classname="backend.tests.test_sprint4.TestWaiverFlow" name="test_sign_succeeds_and_persists" time="0.607" /><testcase classname="backend.tests.test_sprint4.TestWaiverFlow" name="test_clients_waiver_unsigned_returns_signed_false" time="0.342" /><testcase classname="backend.tests.test_sprint4.TestWaiverGating" name="test_unsigned_client_blocked_from_booking" time="1.863" /><testcase classname="backend.tests.test_sprint4.TestWaiverGating" name="test_version_bump_forces_resign" time="2.045" /><testcase classname="backend.tests.test_sprint4.TestIncidents" name="test_incident_crud_and_filter" time="1.744" /><testcase classname="backend.tests.test_sprint4.TestAdminBookingOverrides" name="test_override_vaccines_allows_missing_vaccines" time="0.961" /><testcase classname="backend.tests.test_sprint4.TestAdminBookingOverrides" name="test_override_capacity_allows_beyond_capacity" time="3.716" /><testcase classname="backend.tests.test_sprint4.TestAdminBookingOverrides" name="test_check_in_now_stamps_timestamp" time="0.461" /><testcase classname="backend.tests.test_sprint4.TestAdminBookingOverrides" name="test_client_override_flags_are_ignored" time="1.900" /></testsuite></testsuites>