<?xml version="1.0" encoding="utf-8"?><testsuites name="pytest tests"><testsuite name="pytest" errors="0" failures="1" skipped="0" tests="10" time="7.792" timestamp="2026-05-13T16:54:36.475917+00:00" hostname="agent-env-a64f6939-0fc0-4978-8361-cb36ac2753c0"><testcase classname="backend.tests.test_sprint5_7.TestDogCareFields" name="test_create_dog_persists_care_fields" time="1.578" /><testcase classname="backend.tests.test_sprint5_7.TestDogCareFields" name="test_update_dog_modifies_care_fields" time="0.266" /><testcase classname="backend.tests.test_sprint5_7.TestBookingTimes" name="test_booking_persists_dropoff_pickup" time="0.112"><failure message="AssertionError: dropoff_time not echoed; got ''&#10;assert '' == '08:30'&#10;  &#10;  - 08:30">backend/tests/test_sprint5_7.py:205: in test_booking_persists_dropoff_pickup
    assert b.get("dropoff_time") == "08:30", f"dropoff_time not echoed; got {b.get('dropoff_time')!r}"
E   AssertionError: dropoff_time not echoed; got ''
E   assert '' == '08:30'
E     
E     - 08:30</failure></testcase><testcase classname="backend.tests.test_sprint5_7.TestRunSheet" name="test_run_sheet_structure_and_sort" time="1.011" /><testcase classname="backend.tests.test_sprint5_7.TestRunSheet" name="test_run_sheet_filters_by_date" time="0.541" /><testcase classname="backend.tests.test_sprint5_7.TestHomework" name="test_create_requires_admin" time="0.799" /><testcase classname="backend.tests.test_sprint5_7.TestHomework" name="test_create_validates_title_length" time="0.100" /><testcase classname="backend.tests.test_sprint5_7.TestHomework" name="test_full_homework_flow" time="1.959" /><testcase classname="backend.tests.test_sprint5_7.TestHomework" name="test_client_cannot_delete" time="0.327" /><testcase classname="backend.tests.test_sprint5_7.TestDashboardRoster" name="test_roster_entries_include_dog_with_care_fields" time="1.024" /></testsuite></testsuites>