<?xml version="1.0" encoding="utf-8"?><testsuites name="pytest tests"><testsuite name="pytest" errors="0" failures="0" skipped="0" tests="13" time="14.057" timestamp="2026-05-13T16:36:43.119054+00:00" hostname="agent-env-a64f6939-0fc0-4978-8361-cb36ac2753c0"><testcase classname="backend.tests.test_sprint4.TestWaiverSettings" name="test_public_settings_exposes_waiver_fields" time="1.303" /><testcase classname="backend.tests.test_sprint4.TestWaiverFlow" name="test_me_unsigned_returns_signed_false_with_version" time="1.215" /><testcase classname="backend.tests.test_sprint4.TestWaiverFlow" name="test_sign_requires_accepted_true" time="0.153" /><testcase classname="backend.tests.test_sprint4.TestWaiverFlow" name="test_sign_requires_typed_name_min_length" time="0.119" /><testcase classname="backend.tests.test_sprint4.TestWaiverFlow" name="test_sign_succeeds_and_persists" time="0.561" /><testcase classname="backend.tests.test_sprint4.TestWaiverFlow" name="test_clients_waiver_unsigned_returns_signed_false" time="0.408" /><testcase classname="backend.tests.test_sprint4.TestWaiverGating" name="test_unsigned_client_blocked_from_booking" time="1.929" /><testcase classname="backend.tests.test_sprint4.TestWaiverGating" name="test_version_bump_forces_resign" time="2.189" /><testcase classname="backend.tests.test_sprint4.TestIncidents" name="test_incident_crud_and_filter" time="1.695" /><testcase classname="backend.tests.test_sprint4.TestAdminBookingOverrides" name="test_override_vaccines_allows_missing_vaccines" time="1.044" /><testcase classname="backend.tests.test_sprint4.TestAdminBookingOverrides" name="test_override_capacity_allows_beyond_capacity" time="1.201" /><testcase classname="backend.tests.test_sprint4.TestAdminBookingOverrides" name="test_check_in_now_stamps_timestamp" time="0.482" /><testcase classname="backend.tests.test_sprint4.TestAdminBookingOverrides" name="test_client_override_flags_are_ignored" time="1.706" /></testsuite></testsuites>