<?xml version="1.0" encoding="utf-8"?><testsuites name="pytest tests"><testsuite name="pytest" errors="0" failures="0" skipped="0" tests="18" time="12.599" timestamp="2026-05-13T15:42:28.905357+00:00" hostname="agent-env-a64f6939-0fc0-4978-8361-cb36ac2753c0"><testcase classname="backend.tests.test_sprint3.TestSettings" name="test_get_settings_admin" time="1.231" /><testcase classname="backend.tests.test_sprint3.TestSettings" name="test_get_settings_requires_admin" time="1.107" /><testcase classname="backend.tests.test_sprint3.TestSettings" name="test_put_settings_partial_persists" time="0.478" /><testcase classname="backend.tests.test_sprint3.TestSettings" name="test_put_mood_tags_and_required_vaccines" time="0.458" /><testcase classname="backend.tests.test_sprint3.TestSettings" name="test_public_settings_for_client" time="0.117" /><testcase classname="backend.tests.test_sprint3.TestChangePassword" name="test_change_password_flow" time="2.378" /><testcase classname="backend.tests.test_sprint3.TestVaccineRules" name="test_booking_rejected_when_required_vaccine_missing" time="0.493" /><testcase classname="backend.tests.test_sprint3.TestAutoApproveAndCutoff" name="test_auto_approve_for_clients" time="0.795" /><testcase classname="backend.tests.test_sprint3.TestAutoApproveAndCutoff" name="test_cancellation_cutoff_for_client" time="0.817" /><testcase classname="backend.tests.test_sprint3.TestRecurringBookings" name="test_create_recurring_admin" time="0.923" /><testcase classname="backend.tests.test_sprint3.TestRecurringBookings" name="test_recurring_validation" time="0.239" /><testcase classname="backend.tests.test_sprint3.TestReschedule" name="test_admin_reschedule" time="0.554" /><testcase classname="backend.tests.test_sprint3.TestReschedule" name="test_reschedule_404" time="0.123" /><testcase classname="backend.tests.test_sprint3.TestReschedule" name="test_reschedule_requires_admin" time="0.356" /><testcase classname="backend.tests.test_sprint3.TestTrainingServiceType" name="test_create_training_booking" time="0.335" /><testcase classname="backend.tests.test_sprint3.TestTrainingServiceType" name="test_recurring_training" time="0.389" /><testcase classname="backend.tests.test_sprint3.TestTrainingServiceType" name="test_dashboard_training_today" time="0.365" /><testcase classname="backend.tests.test_sprint3.TestCapacityFromSettings" name="test_daycare_capacity_enforced" time="1.385" /></testsuite></testsuites>